31.2061 	INFO 	Loaded monitor calibration from ['2025_08_12 10:43']
31.2111 	WARNING 	User requested fullscreen with size [1024  768], but screen is actually [1920, 1080]. Using actual size
31.5391 	INFO 	Using renderer 'Intel(R) Iris(R) Xe Graphics' for graphics
31.5391 	INFO 	OpenGL version supported by driver is 4..
31.5975 	EXP 	Created window1 = Window(allowGUI=False, allowStencil=False, autoLog=True, backendConf=UNKNOWN, backgroundFit=<method-wrapper '__getattribute__' of attributeSetter object at 0x000001D75444A3B0>, backgroundImage=<method-wrapper '__getattribute__' of attributeSetter object at 0x000001D75444A350>, bitsMode=UNKNOWN, blendMode='avg', bpc=(8, 8, 8), color=array([0, 0, 0]), colorSpace='rgb', depthBits=8, fullscr=True, gamma=None, gammaErrorPolicy='raise', infoMsg=UNKNOWN, lms=UNKNOWN, monitor=<psychopy.monitors.calibTools.Monitor object at 0x000001D754503C70>, multiSample=False, name='window1', numSamples=2, pos=[np.float64(0.0), np.float64(0.0)], screen=0, size=array([1920, 1080]), stencilBits=0, stereo=False, title='PsychoPy', units='height', useFBO=True, useRetina=False, viewOri=0.0, viewPos=None, viewScale=None, waitBlanking=True, winType='pyglet')
31.5976 	EXP 	window1: backgroundImage = ''
31.5976 	EXP 	window1: backgroundFit = 'none'
32.0227 	EXP 	window1: Attempting to measure frame rate of screen (0) ...
32.0227 	EXP 	window1: recordFrameIntervals = False
32.1625 	EXP 	window1: recordFrameIntervals = True
32.3459 	EXP 	Screen (0) actual frame rate measured at 60.11Hz
32.3459 	EXP 	window1: recordFrameIntervals = False
32.4012 	INFO 	keyboard.Keyboard is using ptb backend.
32.4013 	EXP 	stroop task: status = STARTED
32.4785 	EXP 	Created text_2 = TextStim(__class__=<class 'psychopy.visual.text.TextStim'>, alignHoriz=method-wrapper(...), alignText='center', alignVert=method-wrapper(...), anchorHoriz='center', anchorVert='center', antialias=True, autoDraw=False, autoLog=True, bold=False, color=array([1., 1., 1.]), colorSpace='rgb', contrast=1.0, depth=0.0, draggable=False, flipHoriz=False, flipVert=False, font='Arial', fontFiles=[], height=np.float64(0.05), italic=False, languageStyle='LTR', name='text_2', opacity=1, ori=0.0, pos=array([0., 0.]), rgb=UNKNOWN, text='Welcome', units='height', win=Window(...), wrapWidth=1)
32.4832 	EXP 	Created fixation = ShapeStim(__class__=<class 'psychopy.visual.shape.ShapeStim'>, anchor=('center', 'center'), autoDraw=False, autoLog=True, closeShape=True, color=method-wrapper(...), colorSpace='rgb', contrast=None, depth=0.0, draggable=False, fillColor=array([1, 1, 1]), fillColorSpace='rgb', fillRGB=array([1, 1, 1]), interpolate=True, lineColor=array([1., 1., 1.]), lineColorSpace='rgb', lineRGB=array([1, 1, 1]), lineWidth=1.0, name='fixation', opacity=1, ori=0.0, pos=array([0., 0.]), size=array([10., 10.]), units='pix', vertices=ndarray(...), win=Window(...), windingRule=None)
32.4839 	EXP 	Created text = TextStim(__class__=<class 'psychopy.visual.text.TextStim'>, alignHoriz=method-wrapper(...), alignText='center', alignVert=method-wrapper(...), anchorHoriz='center', anchorVert='center', antialias=True, autoDraw=False, autoLog=True, bold=False, color=array([1., 1., 1.]), colorSpace='rgb', contrast=1.0, depth=-1.0, draggable=False, flipHoriz=False, flipVert=False, font='Arial', fontFiles=[], height=0.05, italic=False, languageStyle='LTR', name='text', opacity=1, ori=0.0, pos=array([0., 0.]), rgb=UNKNOWN, text='', units='height', win=Window(...), wrapWidth=1)
32.4930 	EXP 	Created text_3 = TextStim(__class__=<class 'psychopy.visual.text.TextStim'>, alignHoriz=method-wrapper(...), alignText='center', alignVert=method-wrapper(...), anchorHoriz='center', anchorVert='center', antialias=True, autoDraw=False, autoLog=True, bold=False, color=array([1., 1., 1.]), colorSpace='rgb', contrast=1.0, depth=0.0, draggable=False, flipHoriz=False, flipVert=False, font='Arial', fontFiles=[], height=np.float64(0.05), italic=False, languageStyle='LTR', name='text_3', opacity=1, ori=0.0, pos=array([0., 0.]), rgb=UNKNOWN, text='thankyou\n', units='height', win=Window(...), wrapWidth=1)
0.0044 	EXP 	text_2: autoDraw = True
1.0091 	EXP 	Imported C:/Users/Admin/OneDrive/psychopy/cond.xlsx as conditions, 4 conditions, 4 params
1.0114 	EXP 	New trial (rep=0, index=0): <Trial 0 (0 in rep 0) data={'word': 'BLUE', 'colour': 'blue', 'stim_condition': 'c', 'correct_res': 'b', 'thisN': 0, 'thisTrialN': 0, 'thisRepN': 0}>
1.0239 	EXP 	text_2: autoDraw = False
1.0239 	EXP 	text: foreColor = <psychopy.colors.Color: blue, alpha=1.0>
1.0239 	EXP 	text: height = np.float64(0.05)
1.0239 	EXP 	text: height = np.float64(0.05)
1.0239 	EXP 	text: height = np.float64(0.05)
1.0239 	EXP 	text: text = 'BLUE'
1.0239 	EXP 	fixation: autoDraw = True
1.5021 	INFO 	Keyboard events cleared
1.5019 	EXP 	fixation: autoDraw = False
1.5019 	EXP 	text: autoDraw = True
6.0006 	EXP 	text: autoDraw = False
7.1015 	DATA 	Keypress: space
7.1357 	EXP 	Device response: <KeyPress from None: t=7.10042489999978, value=space, duration=None>
7.2169 	EXP 	Device response: <KeyPress from None: t=7.10042489999978, value=space, duration=0.11108790000071167>
10.1834 	DATA 	Mouse: Left button down, pos=(754,391)
10.3844 	DATA 	Mouse:  Left button up, pos=(754,391)
13.1320 	EXP 	Device response: <KeyPress from None: t=13.123315199998615, value=space, duration=None>
13.1329 	DATA 	Keypress: space
13.2650 	EXP 	Device response: <KeyPress from None: t=13.123315199998615, value=space, duration=0.13367830000061076>
15.0144 	EXP 	Device response: <KeyPress from None: t=15.00569280000127, value=r, duration=None>
15.0148 	EXP 	New trial (rep=0, index=1): <Trial 1 (1 in rep 0) data={'word': 'BLUE', 'colour': 'red', 'stim_condition': 'I', 'correct_res': 'r', 'thisN': 1, 'thisTrialN': 1, 'thisRepN': 0}>
15.0170 	DATA 	Keypress: r
15.0308 	EXP 	fixation: autoDraw = False
15.0308 	EXP 	text: autoDraw = False
15.0308 	EXP 	text: foreColor = <psychopy.colors.Color: red, alpha=1.0>
15.0308 	EXP 	text: text = 'BLUE'
15.0308 	EXP 	fixation: autoDraw = True
15.1145 	EXP 	Device response: <KeyPress from None: t=15.00569280000127, value=r, duration=0.10207809999701567>
15.5140 	INFO 	Keyboard events cleared
15.5139 	EXP 	fixation: autoDraw = False
15.5139 	EXP 	text: autoDraw = True
15.6977 	EXP 	Device response: <KeyPress from None: t=15.694433299999218, value=d, duration=None>
15.6989 	DATA 	Keypress: d
15.7809 	EXP 	Device response: <KeyPress from None: t=15.694433299999218, value=d, duration=0.08024420000219834>
17.4634 	EXP 	Device response: <KeyPress from None: t=17.454792000000452, value=r, duration=None>
17.4637 	EXP 	New trial (rep=0, index=2): <Trial 2 (2 in rep 0) data={'word': 'RED', 'colour': 'blue', 'stim_condition': 'I', 'correct_res': 'b', 'thisN': 2, 'thisTrialN': 2, 'thisRepN': 0}>
17.4709 	DATA 	Keypress: r
17.4799 	EXP 	fixation: autoDraw = False
17.4799 	EXP 	text: autoDraw = False
17.4799 	EXP 	text: foreColor = <psychopy.colors.Color: blue, alpha=1.0>
17.4799 	EXP 	text: height = np.float64(0.05)
17.4799 	EXP 	text: height = np.float64(0.05)
17.4799 	EXP 	text: height = np.float64(0.05)
17.4799 	EXP 	text: text = 'RED'
17.4799 	EXP 	fixation: autoDraw = True
17.5801 	EXP 	Device response: <KeyPress from None: t=17.454792000000452, value=r, duration=0.11020640000060666>
17.9634 	INFO 	Keyboard events cleared
17.9632 	EXP 	fixation: autoDraw = False
17.9632 	EXP 	text: autoDraw = True
19.7630 	EXP 	Device response: <KeyPress from None: t=19.75937580000027, value=b, duration=None>
19.7633 	EXP 	New trial (rep=0, index=3): <Trial 3 (3 in rep 0) data={'word': 'RED', 'colour': 'red', 'stim_condition': 'C', 'correct_res': 'r', 'thisN': 3, 'thisTrialN': 3, 'thisRepN': 0}>
19.7650 	DATA 	Keypress: b
19.7790 	EXP 	fixation: autoDraw = False
19.7790 	EXP 	text: autoDraw = False
19.7790 	EXP 	text: foreColor = <psychopy.colors.Color: red, alpha=1.0>
19.7790 	EXP 	text: text = 'RED'
19.7790 	EXP 	fixation: autoDraw = True
19.8792 	EXP 	Device response: <KeyPress from None: t=19.75937580000027, value=b, duration=0.11073539999779314>
20.2624 	INFO 	Keyboard events cleared
20.2622 	EXP 	fixation: autoDraw = False
20.2622 	EXP 	text: autoDraw = True
20.8957 	EXP 	Device response: <KeyPress from None: t=20.89033379999819, value=r, duration=None>
20.8959 	EXP 	New trial (rep=1, index=0): <Trial 4 (0 in rep 1) data={'word': 'RED', 'colour': 'blue', 'stim_condition': 'I', 'correct_res': 'b', 'thisN': 4, 'thisTrialN': 0, 'thisRepN': 1}>
20.8971 	DATA 	Keypress: r
20.9121 	EXP 	fixation: autoDraw = False
20.9121 	EXP 	text: autoDraw = False
20.9121 	EXP 	text: foreColor = <psychopy.colors.Color: blue, alpha=1.0>
20.9121 	EXP 	text: text = 'RED'
20.9121 	EXP 	fixation: autoDraw = True
20.9960 	EXP 	Device response: <KeyPress from None: t=20.89033379999819, value=r, duration=0.09931150000193156>
21.3956 	INFO 	Keyboard events cleared
21.3954 	EXP 	fixation: autoDraw = False
21.3954 	EXP 	text: autoDraw = True
22.7120 	EXP 	Device response: <KeyPress from None: t=22.70640319999802, value=b, duration=None>
22.7122 	EXP 	New trial (rep=1, index=1): <Trial 5 (1 in rep 1) data={'word': 'BLUE', 'colour': 'blue', 'stim_condition': 'c', 'correct_res': 'b', 'thisN': 5, 'thisTrialN': 1, 'thisRepN': 1}>
22.7168 	DATA 	Keypress: b
22.7282 	EXP 	fixation: autoDraw = False
22.7282 	EXP 	text: autoDraw = False
22.7282 	EXP 	text: foreColor = <psychopy.colors.Color: blue, alpha=1.0>
22.7282 	EXP 	text: height = np.float64(0.05)
22.7282 	EXP 	text: height = np.float64(0.05)
22.7282 	EXP 	text: height = np.float64(0.05)
22.7282 	EXP 	text: text = 'BLUE'
22.7282 	EXP 	fixation: autoDraw = True
22.7954 	EXP 	Device response: <KeyPress from None: t=22.70640319999802, value=b, duration=0.07838710000214633>
23.2116 	INFO 	Keyboard events cleared
23.2114 	EXP 	fixation: autoDraw = False
23.2114 	EXP 	text: autoDraw = True
24.5116 	EXP 	Device response: <KeyPress from None: t=24.500154999997903, value=b, duration=None>
24.5120 	EXP 	New trial (rep=1, index=2): <Trial 6 (2 in rep 1) data={'word': 'BLUE', 'colour': 'red', 'stim_condition': 'I', 'correct_res': 'r', 'thisN': 6, 'thisTrialN': 2, 'thisRepN': 1}>
24.5140 	DATA 	Keypress: b
24.5279 	EXP 	fixation: autoDraw = False
24.5279 	EXP 	text: autoDraw = False
24.5279 	EXP 	text: foreColor = <psychopy.colors.Color: red, alpha=1.0>
24.5279 	EXP 	text: text = 'BLUE'
24.5279 	EXP 	fixation: autoDraw = True
24.6284 	EXP 	Device response: <KeyPress from None: t=24.500154999997903, value=b, duration=0.11263360000157263>
25.0110 	INFO 	Keyboard events cleared
25.0109 	EXP 	fixation: autoDraw = False
25.0109 	EXP 	text: autoDraw = True
26.5275 	EXP 	Device response: <KeyPress from None: t=26.525478600000497, value=r, duration=None>
26.5279 	EXP 	New trial (rep=1, index=3): <Trial 7 (3 in rep 1) data={'word': 'RED', 'colour': 'red', 'stim_condition': 'C', 'correct_res': 'r', 'thisN': 7, 'thisTrialN': 3, 'thisRepN': 1}>
26.5326 	DATA 	Keypress: r
26.5435 	EXP 	fixation: autoDraw = False
26.5435 	EXP 	text: autoDraw = False
26.5435 	EXP 	text: foreColor = <psychopy.colors.Color: red, alpha=1.0>
26.5435 	EXP 	text: height = np.float64(0.05)
26.5435 	EXP 	text: height = np.float64(0.05)
26.5435 	EXP 	text: height = np.float64(0.05)
26.5435 	EXP 	text: text = 'RED'
26.5435 	EXP 	fixation: autoDraw = True
26.6442 	EXP 	Device response: <KeyPress from None: t=26.525478600000497, value=r, duration=0.10512860000017099>
27.0270 	INFO 	Keyboard events cleared
27.0268 	EXP 	fixation: autoDraw = False
27.0268 	EXP 	text: autoDraw = True
27.7105 	EXP 	Device response: <KeyPress from None: t=27.703857500000595, value=r, duration=None>
27.7108 	EXP 	New trial (rep=2, index=0): <Trial 8 (0 in rep 2) data={'word': 'RED', 'colour': 'blue', 'stim_condition': 'I', 'correct_res': 'b', 'thisN': 8, 'thisTrialN': 0, 'thisRepN': 2}>
27.7127 	DATA 	Keypress: r
27.7266 	EXP 	fixation: autoDraw = False
27.7266 	EXP 	text: autoDraw = False
27.7266 	EXP 	text: foreColor = <psychopy.colors.Color: blue, alpha=1.0>
27.7266 	EXP 	text: text = 'RED'
27.7266 	EXP 	fixation: autoDraw = True
27.7938 	EXP 	Device response: <KeyPress from None: t=27.703857500000595, value=r, duration=0.08373579999897629>
28.2101 	INFO 	Keyboard events cleared
28.2099 	EXP 	fixation: autoDraw = False
28.2099 	EXP 	text: autoDraw = True
29.8597 	EXP 	Device response: <KeyPress from None: t=29.855327900000702, value=b, duration=None>
29.8601 	EXP 	New trial (rep=2, index=1): <Trial 9 (1 in rep 2) data={'word': 'BLUE', 'colour': 'red', 'stim_condition': 'I', 'correct_res': 'r', 'thisN': 9, 'thisTrialN': 1, 'thisRepN': 2}>
29.8655 	DATA 	Keypress: b
29.8758 	EXP 	fixation: autoDraw = False
29.8758 	EXP 	text: autoDraw = False
29.8758 	EXP 	text: foreColor = <psychopy.colors.Color: red, alpha=1.0>
29.8758 	EXP 	text: height = np.float64(0.05)
29.8758 	EXP 	text: height = np.float64(0.05)
29.8758 	EXP 	text: height = np.float64(0.05)
29.8758 	EXP 	text: text = 'BLUE'
29.8758 	EXP 	fixation: autoDraw = True
29.9763 	EXP 	Device response: <KeyPress from None: t=29.855327900000702, value=b, duration=0.10487759999887203>
30.3592 	INFO 	Keyboard events cleared
30.3590 	EXP 	fixation: autoDraw = False
30.3590 	EXP 	text: autoDraw = True
31.3589 	EXP 	Device response: <KeyPress from None: t=31.351831799998763, value=r, duration=None>
31.3593 	EXP 	New trial (rep=2, index=2): <Trial 10 (2 in rep 2) data={'word': 'BLUE', 'colour': 'blue', 'stim_condition': 'c', 'correct_res': 'b', 'thisN': 10, 'thisTrialN': 2, 'thisRepN': 2}>
31.3611 	DATA 	Keypress: r
31.3753 	EXP 	fixation: autoDraw = False
31.3753 	EXP 	text: autoDraw = False
31.3753 	EXP 	text: foreColor = <psychopy.colors.Color: blue, alpha=1.0>
31.3753 	EXP 	text: text = 'BLUE'
31.3753 	EXP 	fixation: autoDraw = True
31.4591 	EXP 	Device response: <KeyPress from None: t=31.351831799998763, value=r, duration=0.10185199999978067>
31.8586 	INFO 	Keyboard events cleared
31.8584 	EXP 	fixation: autoDraw = False
31.8584 	EXP 	text: autoDraw = True
32.6599 	DATA 	Keypress: b
32.6754 	EXP 	Device response: <KeyPress from None: t=32.658893399999215, value=b, duration=None>
32.6757 	EXP 	New trial (rep=2, index=3): <Trial 11 (3 in rep 2) data={'word': 'RED', 'colour': 'red', 'stim_condition': 'C', 'correct_res': 'r', 'thisN': 11, 'thisTrialN': 3, 'thisRepN': 2}>
32.6916 	EXP 	fixation: autoDraw = False
32.6916 	EXP 	text: autoDraw = False
32.6916 	EXP 	text: foreColor = <psychopy.colors.Color: red, alpha=1.0>
32.6916 	EXP 	text: height = np.float64(0.05)
32.6916 	EXP 	text: height = np.float64(0.05)
32.6916 	EXP 	text: height = np.float64(0.05)
32.6916 	EXP 	text: text = 'RED'
32.6916 	EXP 	fixation: autoDraw = True
32.7753 	EXP 	Device response: <KeyPress from None: t=32.658893399999215, value=b, duration=0.11064450000048964>
33.1750 	INFO 	Keyboard events cleared
33.1748 	EXP 	fixation: autoDraw = False
33.1748 	EXP 	text: autoDraw = True
34.3916 	EXP 	Device response: <KeyPress from None: t=34.378622899999755, value=r, duration=None>
34.3920 	EXP 	New trial (rep=3, index=0): <Trial 12 (0 in rep 3) data={'word': 'BLUE', 'colour': 'red', 'stim_condition': 'I', 'correct_res': 'r', 'thisN': 12, 'thisTrialN': 0, 'thisRepN': 3}>
34.3974 	DATA 	Keypress: r
34.4076 	EXP 	fixation: autoDraw = False
34.4076 	EXP 	text: autoDraw = False
34.4076 	EXP 	text: foreColor = <psychopy.colors.Color: red, alpha=1.0>
34.4076 	EXP 	text: height = np.float64(0.05)
34.4076 	EXP 	text: height = np.float64(0.05)
34.4076 	EXP 	text: height = np.float64(0.05)
34.4076 	EXP 	text: text = 'BLUE'
34.4076 	EXP 	fixation: autoDraw = True
34.4915 	EXP 	Device response: <KeyPress from None: t=34.378622899999755, value=r, duration=0.11060789999828557>
34.8910 	INFO 	Keyboard events cleared
34.8908 	EXP 	fixation: autoDraw = False
34.8908 	EXP 	text: autoDraw = True
35.8412 	EXP 	Device response: <KeyPress from None: t=35.8348459000008, value=r, duration=None>
35.8417 	EXP 	New trial (rep=3, index=1): <Trial 13 (1 in rep 3) data={'word': 'BLUE', 'colour': 'blue', 'stim_condition': 'c', 'correct_res': 'b', 'thisN': 13, 'thisTrialN': 1, 'thisRepN': 3}>
35.8433 	DATA 	Keypress: r
35.8572 	EXP 	fixation: autoDraw = False
35.8572 	EXP 	text: autoDraw = False
35.8572 	EXP 	text: foreColor = <psychopy.colors.Color: blue, alpha=1.0>
35.8572 	EXP 	text: text = 'BLUE'
35.8572 	EXP 	fixation: autoDraw = True
35.9409 	EXP 	Device response: <KeyPress from None: t=35.8348459000008, value=r, duration=0.08926969999811263>
36.3572 	INFO 	Keyboard events cleared
36.3571 	EXP 	fixation: autoDraw = False
36.3571 	EXP 	text: autoDraw = True
37.1903 	EXP 	Device response: <KeyPress from None: t=37.18463989999873, value=b, duration=None>
37.1906 	EXP 	New trial (rep=3, index=2): <Trial 14 (2 in rep 3) data={'word': 'RED', 'colour': 'blue', 'stim_condition': 'I', 'correct_res': 'b', 'thisN': 14, 'thisTrialN': 2, 'thisRepN': 3}>
37.1946 	DATA 	Keypress: b
37.2067 	EXP 	fixation: autoDraw = False
37.2067 	EXP 	text: autoDraw = False
37.2067 	EXP 	text: foreColor = <psychopy.colors.Color: blue, alpha=1.0>
37.2067 	EXP 	text: height = np.float64(0.05)
37.2067 	EXP 	text: height = np.float64(0.05)
37.2067 	EXP 	text: height = np.float64(0.05)
37.2067 	EXP 	text: text = 'RED'
37.2067 	EXP 	fixation: autoDraw = True
37.3081 	EXP 	Device response: <KeyPress from None: t=37.18463989999873, value=b, duration=0.11699510000107693>
37.6900 	INFO 	Keyboard events cleared
37.6899 	EXP 	fixation: autoDraw = False
37.6899 	EXP 	text: autoDraw = True
38.4901 	EXP 	Device response: <KeyPress from None: t=38.48007190000135, value=r, duration=None>
38.4905 	EXP 	New trial (rep=3, index=3): <Trial 15 (3 in rep 3) data={'word': 'RED', 'colour': 'red', 'stim_condition': 'C', 'correct_res': 'r', 'thisN': 15, 'thisTrialN': 3, 'thisRepN': 3}>
38.4924 	DATA 	Keypress: r
38.5064 	EXP 	fixation: autoDraw = False
38.5064 	EXP 	text: autoDraw = False
38.5064 	EXP 	text: foreColor = <psychopy.colors.Color: red, alpha=1.0>
38.5064 	EXP 	text: text = 'RED'
38.5064 	EXP 	fixation: autoDraw = True
38.6065 	EXP 	Device response: <KeyPress from None: t=38.48007190000135, value=r, duration=0.11041699999987031>
38.9898 	INFO 	Keyboard events cleared
38.9896 	EXP 	fixation: autoDraw = False
38.9896 	EXP 	text: autoDraw = True
40.0397 	EXP 	Device response: <KeyPress from None: t=40.0357225000007, value=r, duration=None>
40.0403 	EXP 	New trial (rep=4, index=0): <Trial 16 (0 in rep 4) data={'word': 'RED', 'colour': 'blue', 'stim_condition': 'I', 'correct_res': 'b', 'thisN': 16, 'thisTrialN': 0, 'thisRepN': 4}>
40.0430 	DATA 	Keypress: r
40.0558 	EXP 	fixation: autoDraw = False
40.0558 	EXP 	text: autoDraw = False
40.0558 	EXP 	text: foreColor = <psychopy.colors.Color: blue, alpha=1.0>
40.0558 	EXP 	text: text = 'RED'
40.0558 	EXP 	fixation: autoDraw = True
40.1562 	EXP 	Device response: <KeyPress from None: t=40.0357225000007, value=r, duration=0.11229330000060145>
40.5558 	INFO 	Keyboard events cleared
40.5557 	EXP 	fixation: autoDraw = False
40.5557 	EXP 	text: autoDraw = True
41.9226 	EXP 	Device response: <KeyPress from None: t=41.91177729999981, value=b, duration=None>
41.9230 	EXP 	New trial (rep=4, index=1): <Trial 17 (1 in rep 4) data={'word': 'BLUE', 'colour': 'blue', 'stim_condition': 'c', 'correct_res': 'b', 'thisN': 17, 'thisTrialN': 1, 'thisRepN': 4}>
41.9279 	DATA 	Keypress: b
41.9385 	EXP 	fixation: autoDraw = False
41.9385 	EXP 	text: autoDraw = False
41.9385 	EXP 	text: foreColor = <psychopy.colors.Color: blue, alpha=1.0>
41.9385 	EXP 	text: height = np.float64(0.05)
41.9385 	EXP 	text: height = np.float64(0.05)
41.9385 	EXP 	text: height = np.float64(0.05)
41.9385 	EXP 	text: text = 'BLUE'
41.9385 	EXP 	fixation: autoDraw = True
42.0387 	EXP 	Device response: <KeyPress from None: t=41.91177729999981, value=b, duration=0.11278170000150567>
42.4218 	INFO 	Keyboard events cleared
42.4217 	EXP 	fixation: autoDraw = False
42.4217 	EXP 	text: autoDraw = True
43.8727 	DATA 	Keypress: b
43.8883 	EXP 	Device response: <KeyPress from None: t=43.871918100001494, value=b, duration=None>
43.8886 	EXP 	New trial (rep=4, index=2): <Trial 18 (2 in rep 4) data={'word': 'RED', 'colour': 'red', 'stim_condition': 'C', 'correct_res': 'r', 'thisN': 18, 'thisTrialN': 2, 'thisRepN': 4}>
43.9045 	EXP 	fixation: autoDraw = False
43.9045 	EXP 	text: autoDraw = False
43.9045 	EXP 	text: foreColor = <psychopy.colors.Color: red, alpha=1.0>
43.9045 	EXP 	text: height = np.float64(0.05)
43.9045 	EXP 	text: height = np.float64(0.05)
43.9045 	EXP 	text: height = np.float64(0.05)
43.9045 	EXP 	text: text = 'RED'
43.9045 	EXP 	fixation: autoDraw = True
44.0384 	EXP 	Device response: <KeyPress from None: t=43.871918100001494, value=b, duration=0.15556440000000293>
44.3880 	INFO 	Keyboard events cleared
44.3879 	EXP 	fixation: autoDraw = False
44.3879 	EXP 	text: autoDraw = True
45.1379 	EXP 	Device response: <KeyPress from None: t=45.125400199998694, value=r, duration=None>
45.1382 	EXP 	New trial (rep=4, index=3): <Trial 19 (3 in rep 4) data={'word': 'BLUE', 'colour': 'red', 'stim_condition': 'I', 'correct_res': 'r', 'thisN': 19, 'thisTrialN': 3, 'thisRepN': 4}>
45.1432 	DATA 	Keypress: r
45.1540 	EXP 	fixation: autoDraw = False
45.1540 	EXP 	text: autoDraw = False
45.1540 	EXP 	text: foreColor = <psychopy.colors.Color: red, alpha=1.0>
45.1540 	EXP 	text: height = np.float64(0.05)
45.1540 	EXP 	text: height = np.float64(0.05)
45.1540 	EXP 	text: height = np.float64(0.05)
45.1540 	EXP 	text: text = 'BLUE'
45.1540 	EXP 	fixation: autoDraw = True
45.2212 	EXP 	Device response: <KeyPress from None: t=45.125400199998694, value=r, duration=0.08868310000252677>
45.6374 	INFO 	Keyboard events cleared
45.6372 	EXP 	fixation: autoDraw = False
45.6372 	EXP 	text: autoDraw = True
47.0201 	EXP 	Device response: <KeyPress from None: t=47.006324400001176, value=r, duration=None>
47.0204 	EXP 	New trial (rep=5, index=0): <Trial 20 (0 in rep 5) data={'word': 'RED', 'colour': 'blue', 'stim_condition': 'I', 'correct_res': 'b', 'thisN': 20, 'thisTrialN': 0, 'thisRepN': 5}>
47.0234 	DATA 	Keypress: r
47.0366 	EXP 	fixation: autoDraw = False
47.0366 	EXP 	text: autoDraw = False
47.0366 	EXP 	text: foreColor = <psychopy.colors.Color: blue, alpha=1.0>
47.0366 	EXP 	text: height = np.float64(0.05)
47.0366 	EXP 	text: height = np.float64(0.05)
47.0366 	EXP 	text: height = np.float64(0.05)
47.0366 	EXP 	text: text = 'RED'
47.0366 	EXP 	fixation: autoDraw = True
47.1373 	EXP 	Device response: <KeyPress from None: t=47.006324400001176, value=r, duration=0.11584519999814802>
47.5202 	INFO 	Keyboard events cleared
47.5200 	EXP 	fixation: autoDraw = False
47.5200 	EXP 	text: autoDraw = True
49.3195 	EXP 	Device response: <KeyPress from None: t=49.31045330000052, value=b, duration=None>
49.3196 	EXP 	New trial (rep=5, index=1): <Trial 21 (1 in rep 5) data={'word': 'RED', 'colour': 'red', 'stim_condition': 'C', 'correct_res': 'r', 'thisN': 21, 'thisTrialN': 1, 'thisRepN': 5}>
49.3206 	DATA 	Keypress: b
49.3361 	EXP 	fixation: autoDraw = False
49.3361 	EXP 	text: autoDraw = False
49.3361 	EXP 	text: foreColor = <psychopy.colors.Color: red, alpha=1.0>
49.3361 	EXP 	text: text = 'RED'
49.3361 	EXP 	fixation: autoDraw = True
49.4366 	EXP 	Device response: <KeyPress from None: t=49.31045330000052, value=b, duration=0.11096510000061244>
49.8192 	INFO 	Keyboard events cleared
49.8190 	EXP 	fixation: autoDraw = False
49.8190 	EXP 	text: autoDraw = True
50.7694 	EXP 	Device response: <KeyPress from None: t=50.758905899998354, value=r, duration=None>
50.7699 	EXP 	New trial (rep=5, index=2): <Trial 22 (2 in rep 5) data={'word': 'BLUE', 'colour': 'red', 'stim_condition': 'I', 'correct_res': 'r', 'thisN': 22, 'thisTrialN': 2, 'thisRepN': 5}>
50.7752 	DATA 	Keypress: r
50.7854 	EXP 	fixation: autoDraw = False
50.7854 	EXP 	text: autoDraw = False
50.7854 	EXP 	text: foreColor = <psychopy.colors.Color: red, alpha=1.0>
50.7854 	EXP 	text: height = np.float64(0.05)
50.7854 	EXP 	text: height = np.float64(0.05)
50.7854 	EXP 	text: height = np.float64(0.05)
50.7854 	EXP 	text: text = 'BLUE'
50.7854 	EXP 	fixation: autoDraw = True
50.8858 	EXP 	Device response: <KeyPress from None: t=50.758905899998354, value=r, duration=0.11547590000191121>
51.2855 	INFO 	Keyboard events cleared
51.2853 	EXP 	fixation: autoDraw = False
51.2853 	EXP 	text: autoDraw = True
52.7355 	EXP 	Device response: <KeyPress from None: t=52.730974199999764, value=r, duration=None>
52.7359 	EXP 	New trial (rep=5, index=3): <Trial 23 (3 in rep 5) data={'word': 'BLUE', 'colour': 'blue', 'stim_condition': 'c', 'correct_res': 'b', 'thisN': 23, 'thisTrialN': 3, 'thisRepN': 5}>
52.7379 	DATA 	Keypress: r
52.7516 	EXP 	fixation: autoDraw = False
52.7516 	EXP 	text: autoDraw = False
52.7516 	EXP 	text: foreColor = <psychopy.colors.Color: blue, alpha=1.0>
52.7516 	EXP 	text: text = 'BLUE'
52.7516 	EXP 	fixation: autoDraw = True
52.8521 	EXP 	Device response: <KeyPress from None: t=52.730974199999764, value=r, duration=0.11068940000041039>
53.2349 	INFO 	Keyboard events cleared
53.2348 	EXP 	fixation: autoDraw = False
53.2348 	EXP 	text: autoDraw = True
54.7343 	EXP 	Device response: <KeyPress from None: t=54.726206999999704, value=b, duration=None>
54.7345 	EXP 	New trial (rep=6, index=0): <Trial 24 (0 in rep 6) data={'word': 'RED', 'colour': 'red', 'stim_condition': 'C', 'correct_res': 'r', 'thisN': 24, 'thisTrialN': 0, 'thisRepN': 6}>
54.7369 	DATA 	Keypress: b
54.7510 	EXP 	fixation: autoDraw = False
54.7510 	EXP 	text: autoDraw = False
54.7510 	EXP 	text: foreColor = <psychopy.colors.Color: red, alpha=1.0>
54.7510 	EXP 	text: height = np.float64(0.05)
54.7510 	EXP 	text: height = np.float64(0.05)
54.7510 	EXP 	text: height = np.float64(0.05)
54.7510 	EXP 	text: text = 'RED'
54.7510 	EXP 	fixation: autoDraw = True
54.8349 	EXP 	Device response: <KeyPress from None: t=54.726206999999704, value=b, duration=0.09967939999842201>
55.2344 	INFO 	Keyboard events cleared
55.2342 	EXP 	fixation: autoDraw = False
55.2342 	EXP 	text: autoDraw = True
56.1014 	EXP 	Device response: <KeyPress from None: t=56.10023759999967, value=r, duration=None>
56.1018 	EXP 	New trial (rep=6, index=1): <Trial 25 (1 in rep 6) data={'word': 'BLUE', 'colour': 'blue', 'stim_condition': 'c', 'correct_res': 'b', 'thisN': 25, 'thisTrialN': 1, 'thisRepN': 6}>
56.1068 	DATA 	Keypress: r
56.1171 	EXP 	fixation: autoDraw = False
56.1171 	EXP 	text: autoDraw = False
56.1171 	EXP 	text: foreColor = <psychopy.colors.Color: blue, alpha=1.0>
56.1171 	EXP 	text: height = np.float64(0.05)
56.1171 	EXP 	text: height = np.float64(0.05)
56.1171 	EXP 	text: height = np.float64(0.05)
56.1171 	EXP 	text: text = 'BLUE'
56.1171 	EXP 	fixation: autoDraw = True
56.2010 	EXP 	Device response: <KeyPress from None: t=56.10023759999967, value=r, duration=0.09398960000180523>
56.6173 	INFO 	Keyboard events cleared
56.6171 	EXP 	fixation: autoDraw = False
56.6171 	EXP 	text: autoDraw = True
57.4672 	EXP 	Device response: <KeyPress from None: t=57.46099780000077, value=b, duration=None>
57.4677 	EXP 	New trial (rep=6, index=2): <Trial 26 (2 in rep 6) data={'word': 'RED', 'colour': 'blue', 'stim_condition': 'I', 'correct_res': 'b', 'thisN': 26, 'thisTrialN': 2, 'thisRepN': 6}>
57.4737 	DATA 	Keypress: b
57.4832 	EXP 	fixation: autoDraw = False
57.4832 	EXP 	text: autoDraw = False
57.4832 	EXP 	text: foreColor = <psychopy.colors.Color: blue, alpha=1.0>
57.4832 	EXP 	text: height = np.float64(0.05)
57.4832 	EXP 	text: height = np.float64(0.05)
57.4832 	EXP 	text: height = np.float64(0.05)
57.4832 	EXP 	text: text = 'RED'
57.4832 	EXP 	fixation: autoDraw = True
57.6004 	EXP 	Device response: <KeyPress from None: t=57.46099780000077, value=b, duration=0.12292479999814532>
57.9834 	INFO 	Keyboard events cleared
57.9832 	EXP 	fixation: autoDraw = False
57.9832 	EXP 	text: autoDraw = True
58.7834 	EXP 	Device response: <KeyPress from None: t=58.77586589999919, value=r, duration=None>
58.7838 	EXP 	New trial (rep=6, index=3): <Trial 27 (3 in rep 6) data={'word': 'BLUE', 'colour': 'red', 'stim_condition': 'I', 'correct_res': 'r', 'thisN': 27, 'thisTrialN': 3, 'thisRepN': 6}>
58.7888 	DATA 	Keypress: r
58.7994 	EXP 	fixation: autoDraw = False
58.7994 	EXP 	text: autoDraw = False
58.7994 	EXP 	text: foreColor = <psychopy.colors.Color: red, alpha=1.0>
58.7994 	EXP 	text: height = np.float64(0.05)
58.7994 	EXP 	text: height = np.float64(0.05)
58.7994 	EXP 	text: height = np.float64(0.05)
58.7994 	EXP 	text: text = 'BLUE'
58.7994 	EXP 	fixation: autoDraw = True
58.8832 	EXP 	Device response: <KeyPress from None: t=58.77586589999919, value=r, duration=0.09967709999909857>
59.2828 	INFO 	Keyboard events cleared
59.2827 	EXP 	fixation: autoDraw = False
59.2827 	EXP 	text: autoDraw = True
62.2154 	EXP 	Device response: <KeyPress from None: t=62.20093679999991, value=r, duration=None>
62.2158 	EXP 	New trial (rep=7, index=0): <Trial 28 (0 in rep 7) data={'word': 'RED', 'colour': 'red', 'stim_condition': 'C', 'correct_res': 'r', 'thisN': 28, 'thisTrialN': 0, 'thisRepN': 7}>
62.2204 	DATA 	Keypress: r
62.2319 	EXP 	fixation: autoDraw = False
62.2319 	EXP 	text: autoDraw = False
62.2319 	EXP 	text: foreColor = <psychopy.colors.Color: red, alpha=1.0>
62.2319 	EXP 	text: height = np.float64(0.05)
62.2319 	EXP 	text: height = np.float64(0.05)
62.2319 	EXP 	text: height = np.float64(0.05)
62.2319 	EXP 	text: text = 'RED'
62.2319 	EXP 	fixation: autoDraw = True
62.2992 	EXP 	Device response: <KeyPress from None: t=62.20093679999991, value=r, duration=0.09389179999925545>
62.7152 	INFO 	Keyboard events cleared
62.7150 	EXP 	fixation: autoDraw = False
62.7150 	EXP 	text: autoDraw = True
63.9148 	EXP 	Device response: <KeyPress from None: t=63.906828700000915, value=r, duration=None>
63.9152 	EXP 	New trial (rep=7, index=1): <Trial 29 (1 in rep 7) data={'word': 'BLUE', 'colour': 'blue', 'stim_condition': 'c', 'correct_res': 'b', 'thisN': 29, 'thisTrialN': 1, 'thisRepN': 7}>
63.9203 	DATA 	Keypress: r
63.9310 	EXP 	fixation: autoDraw = False
63.9310 	EXP 	text: autoDraw = False
63.9310 	EXP 	text: foreColor = <psychopy.colors.Color: blue, alpha=1.0>
63.9310 	EXP 	text: height = np.float64(0.05)
63.9310 	EXP 	text: height = np.float64(0.05)
63.9310 	EXP 	text: height = np.float64(0.05)
63.9310 	EXP 	text: text = 'BLUE'
63.9310 	EXP 	fixation: autoDraw = True
64.0318 	EXP 	Device response: <KeyPress from None: t=63.906828700000915, value=r, duration=0.12136459999965155>
64.4143 	INFO 	Keyboard events cleared
64.4142 	EXP 	fixation: autoDraw = False
64.4142 	EXP 	text: autoDraw = True
65.3145 	EXP 	Device response: <KeyPress from None: t=65.31177970000135, value=b, duration=None>
65.3148 	EXP 	New trial (rep=7, index=2): <Trial 30 (2 in rep 7) data={'word': 'BLUE', 'colour': 'red', 'stim_condition': 'I', 'correct_res': 'r', 'thisN': 30, 'thisTrialN': 2, 'thisRepN': 7}>
65.3166 	DATA 	Keypress: b
65.3307 	EXP 	fixation: autoDraw = False
65.3307 	EXP 	text: autoDraw = False
65.3307 	EXP 	text: foreColor = <psychopy.colors.Color: red, alpha=1.0>
65.3307 	EXP 	text: text = 'BLUE'
65.3307 	EXP 	fixation: autoDraw = True
65.4479 	EXP 	Device response: <KeyPress from None: t=65.31177970000135, value=b, duration=0.13014009999824339>
65.8143 	INFO 	Keyboard events cleared
65.8142 	EXP 	fixation: autoDraw = False
65.8142 	EXP 	text: autoDraw = True
67.1978 	EXP 	Device response: <KeyPress from None: t=67.18365489999996, value=r, duration=None>
67.1983 	EXP 	New trial (rep=7, index=3): <Trial 31 (3 in rep 7) data={'word': 'RED', 'colour': 'blue', 'stim_condition': 'I', 'correct_res': 'b', 'thisN': 31, 'thisTrialN': 3, 'thisRepN': 7}>
67.2027 	DATA 	Keypress: r
67.2137 	EXP 	fixation: autoDraw = False
67.2137 	EXP 	text: autoDraw = False
67.2137 	EXP 	text: foreColor = <psychopy.colors.Color: blue, alpha=1.0>
67.2137 	EXP 	text: height = np.float64(0.05)
67.2137 	EXP 	text: height = np.float64(0.05)
67.2137 	EXP 	text: height = np.float64(0.05)
67.2137 	EXP 	text: text = 'RED'
67.2137 	EXP 	fixation: autoDraw = True
67.3311 	EXP 	Device response: <KeyPress from None: t=67.18365489999996, value=r, duration=0.13448670000070706>
67.6973 	INFO 	Keyboard events cleared
67.6971 	EXP 	fixation: autoDraw = False
67.6971 	EXP 	text: autoDraw = True
69.7637 	EXP 	Device response: <KeyPress from None: t=69.75950870000088, value=b, duration=None>
69.7641 	EXP 	New trial (rep=8, index=0): <Trial 32 (0 in rep 8) data={'word': 'BLUE', 'colour': 'red', 'stim_condition': 'I', 'correct_res': 'r', 'thisN': 32, 'thisTrialN': 0, 'thisRepN': 8}>
69.7681 	DATA 	Keypress: b
69.7796 	EXP 	fixation: autoDraw = False
69.7796 	EXP 	text: autoDraw = False
69.7796 	EXP 	text: foreColor = <psychopy.colors.Color: red, alpha=1.0>
69.7796 	EXP 	text: height = np.float64(0.05)
69.7796 	EXP 	text: height = np.float64(0.05)
69.7796 	EXP 	text: height = np.float64(0.05)
69.7796 	EXP 	text: text = 'BLUE'
69.7796 	EXP 	fixation: autoDraw = True
69.8969 	EXP 	Device response: <KeyPress from None: t=69.75950870000088, value=b, duration=0.12862809999933233>
70.2631 	INFO 	Keyboard events cleared
70.2629 	EXP 	fixation: autoDraw = False
70.2629 	EXP 	text: autoDraw = True
71.3298 	EXP 	Device response: <KeyPress from None: t=71.32841619999817, value=r, duration=None>
71.3301 	EXP 	New trial (rep=8, index=1): <Trial 33 (1 in rep 8) data={'word': 'RED', 'colour': 'red', 'stim_condition': 'C', 'correct_res': 'r', 'thisN': 33, 'thisTrialN': 1, 'thisRepN': 8}>
71.3874 	DATA 	Keypress: r
71.3890 	EXP 	fixation: autoDraw = False
71.3890 	EXP 	text: autoDraw = False
71.3890 	EXP 	text: foreColor = <psychopy.colors.Color: red, alpha=1.0>
71.3890 	EXP 	text: height = np.float64(0.05)
71.3890 	EXP 	text: height = np.float64(0.05)
71.3890 	EXP 	text: height = np.float64(0.05)
71.3890 	EXP 	text: text = 'RED'
71.3890 	EXP 	fixation: autoDraw = True
71.4464 	EXP 	Device response: <KeyPress from None: t=71.32841619999817, value=r, duration=0.1167648000009649>
71.8291 	INFO 	Keyboard events cleared
71.8289 	EXP 	fixation: autoDraw = False
71.8289 	EXP 	text: autoDraw = True
72.6295 	EXP 	Device response: <KeyPress from None: t=72.61711730000025, value=r, duration=None>
72.6299 	EXP 	New trial (rep=8, index=2): <Trial 34 (2 in rep 8) data={'word': 'RED', 'colour': 'blue', 'stim_condition': 'I', 'correct_res': 'b', 'thisN': 34, 'thisTrialN': 2, 'thisRepN': 8}>
72.6318 	DATA 	Keypress: r
72.6456 	EXP 	fixation: autoDraw = False
72.6456 	EXP 	text: autoDraw = False
72.6456 	EXP 	text: foreColor = <psychopy.colors.Color: blue, alpha=1.0>
72.6456 	EXP 	text: text = 'RED'
72.6456 	EXP 	fixation: autoDraw = True
72.7295 	EXP 	Device response: <KeyPress from None: t=72.61711730000025, value=r, duration=0.0992484999987937>
73.1455 	INFO 	Keyboard events cleared
73.1454 	EXP 	fixation: autoDraw = False
73.1454 	EXP 	text: autoDraw = True
73.9125 	EXP 	Device response: <KeyPress from None: t=73.89778899999874, value=b, duration=None>
73.9128 	EXP 	New trial (rep=8, index=3): <Trial 35 (3 in rep 8) data={'word': 'BLUE', 'colour': 'blue', 'stim_condition': 'c', 'correct_res': 'b', 'thisN': 35, 'thisTrialN': 3, 'thisRepN': 8}>
73.9180 	DATA 	Keypress: b
73.9282 	EXP 	fixation: autoDraw = False
73.9282 	EXP 	text: autoDraw = False
73.9282 	EXP 	text: foreColor = <psychopy.colors.Color: blue, alpha=1.0>
73.9282 	EXP 	text: height = np.float64(0.05)
73.9282 	EXP 	text: height = np.float64(0.05)
73.9282 	EXP 	text: height = np.float64(0.05)
73.9282 	EXP 	text: text = 'BLUE'
73.9282 	EXP 	fixation: autoDraw = True
74.0291 	EXP 	Device response: <KeyPress from None: t=73.89778899999874, value=b, duration=0.12038220000249567>
74.4119 	INFO 	Keyboard events cleared
74.4117 	EXP 	fixation: autoDraw = False
74.4117 	EXP 	text: autoDraw = True
74.9953 	EXP 	Device response: <KeyPress from None: t=74.98609899999792, value=b, duration=None>
74.9957 	EXP 	New trial (rep=9, index=0): <Trial 36 (0 in rep 9) data={'word': 'RED', 'colour': 'blue', 'stim_condition': 'I', 'correct_res': 'b', 'thisN': 36, 'thisTrialN': 0, 'thisRepN': 9}>
75.0010 	DATA 	Keypress: b
75.0112 	EXP 	fixation: autoDraw = False
75.0112 	EXP 	text: autoDraw = False
75.0112 	EXP 	text: foreColor = <psychopy.colors.Color: blue, alpha=1.0>
75.0112 	EXP 	text: height = np.float64(0.05)
75.0112 	EXP 	text: height = np.float64(0.05)
75.0112 	EXP 	text: height = np.float64(0.05)
75.0112 	EXP 	text: text = 'RED'
75.0112 	EXP 	fixation: autoDraw = True
75.1285 	EXP 	Device response: <KeyPress from None: t=74.98609899999792, value=b, duration=0.13892440000199713>
75.4949 	INFO 	Keyboard events cleared
75.4946 	EXP 	fixation: autoDraw = False
75.4946 	EXP 	text: autoDraw = True
77.0113 	EXP 	Device response: <KeyPress from None: t=77.00997329999882, value=b, duration=None>
77.0116 	EXP 	New trial (rep=9, index=1): <Trial 37 (1 in rep 9) data={'word': 'BLUE', 'colour': 'blue', 'stim_condition': 'c', 'correct_res': 'b', 'thisN': 37, 'thisTrialN': 1, 'thisRepN': 9}>
77.0164 	DATA 	Keypress: b
77.0274 	EXP 	fixation: autoDraw = False
77.0274 	EXP 	text: autoDraw = False
77.0274 	EXP 	text: foreColor = <psychopy.colors.Color: blue, alpha=1.0>
77.0274 	EXP 	text: height = np.float64(0.05)
77.0274 	EXP 	text: height = np.float64(0.05)
77.0274 	EXP 	text: height = np.float64(0.05)
77.0274 	EXP 	text: text = 'BLUE'
77.0274 	EXP 	fixation: autoDraw = True
77.1277 	EXP 	Device response: <KeyPress from None: t=77.00997329999882, value=b, duration=0.10659759999907692>
77.5107 	INFO 	Keyboard events cleared
77.5105 	EXP 	fixation: autoDraw = False
77.5105 	EXP 	text: autoDraw = True
77.9774 	EXP 	Device response: <KeyPress from None: t=77.97281939999812, value=b, duration=None>
77.9777 	EXP 	New trial (rep=9, index=2): <Trial 38 (2 in rep 9) data={'word': 'RED', 'colour': 'red', 'stim_condition': 'C', 'correct_res': 'r', 'thisN': 38, 'thisTrialN': 2, 'thisRepN': 9}>
77.9827 	DATA 	Keypress: b
77.9935 	EXP 	fixation: autoDraw = False
77.9935 	EXP 	text: autoDraw = False
77.9935 	EXP 	text: foreColor = <psychopy.colors.Color: red, alpha=1.0>
77.9935 	EXP 	text: height = np.float64(0.05)
77.9935 	EXP 	text: height = np.float64(0.05)
77.9935 	EXP 	text: height = np.float64(0.05)
77.9935 	EXP 	text: text = 'RED'
77.9935 	EXP 	fixation: autoDraw = True
78.0941 	EXP 	Device response: <KeyPress from None: t=77.97281939999812, value=b, duration=0.10585030000220286>
78.4770 	INFO 	Keyboard events cleared
78.4769 	EXP 	fixation: autoDraw = False
78.4769 	EXP 	text: autoDraw = True
79.2269 	EXP 	Device response: <KeyPress from None: t=79.21802000000025, value=r, duration=None>
79.2272 	EXP 	New trial (rep=9, index=3): <Trial 39 (3 in rep 9) data={'word': 'BLUE', 'colour': 'red', 'stim_condition': 'I', 'correct_res': 'r', 'thisN': 39, 'thisTrialN': 3, 'thisRepN': 9}>
79.2315 	DATA 	Keypress: r
79.2432 	EXP 	fixation: autoDraw = False
79.2432 	EXP 	text: autoDraw = False
79.2432 	EXP 	text: foreColor = <psychopy.colors.Color: red, alpha=1.0>
79.2432 	EXP 	text: height = np.float64(0.05)
79.2432 	EXP 	text: height = np.float64(0.05)
79.2432 	EXP 	text: height = np.float64(0.05)
79.2432 	EXP 	text: text = 'BLUE'
79.2432 	EXP 	fixation: autoDraw = True
79.3605 	EXP 	Device response: <KeyPress from None: t=79.21802000000025, value=r, duration=0.12844179999956395>
79.7268 	INFO 	Keyboard events cleared
79.7266 	EXP 	fixation: autoDraw = False
79.7266 	EXP 	text: autoDraw = True
80.0436 	EXP 	Device response: <KeyPress from None: t=80.03968850000092, value=r, duration=None>
80.0470 	DATA 	Keypress: r
80.0595 	EXP 	fixation: autoDraw = False
80.0595 	EXP 	text: autoDraw = False
80.0595 	EXP 	text_3: autoDraw = True
80.1598 	EXP 	Device response: <KeyPress from None: t=80.03968850000092, value=r, duration=0.10451019999891287>
81.0595 	EXP 	text_3: autoDraw = False
81.0595 	EXP 	text_3: autoDraw = False
81.0597 	EXP 	stroop task: status = STOPPED
81.0726 	INFO 	saved data to 'C:\\Users\\Admin\\OneDrive\\psychopy\\data\\1_stroop task_2025-08-25_23h19.10.933.csv'
81.0744 	INFO 	saved data to C:\Users\Admin\OneDrive\psychopy\data\1_stroop task_2025-08-25_23h19.10.933.psydat
81.3625 	WARNING 	Stopping key buffers but this could be dangerous ifother keyboards rely on the same.
