51.2961 	INFO 	Loaded monitor calibration from ['2025_08_12 10:43']
51.3212 	WARNING 	User requested fullscreen with size [1024  768], but screen is actually [1920, 1080]. Using actual size
52.5648 	INFO 	Using renderer 'Intel(R) Iris(R) Xe Graphics' for graphics
52.5649 	INFO 	OpenGL version supported by driver is 4..
52.6704 	EXP 	Created window1 = Window(allowGUI=False, allowStencil=False, autoLog=True, backendConf=UNKNOWN, backgroundFit=<method-wrapper '__getattribute__' of attributeSetter object at 0x0000024831B223B0>, backgroundImage=<method-wrapper '__getattribute__' of attributeSetter object at 0x0000024831B22350>, bitsMode=UNKNOWN, blendMode='avg', bpc=(8, 8, 8), color=array([0, 0, 0]), colorSpace='rgb', depthBits=8, fullscr=True, gamma=None, gammaErrorPolicy='raise', infoMsg=UNKNOWN, lms=UNKNOWN, monitor=<psychopy.monitors.calibTools.Monitor object at 0x0000024831BE3C70>, multiSample=False, name='window1', numSamples=2, pos=[np.float64(0.0), np.float64(0.0)], screen=0, size=array([1920, 1080]), stencilBits=0, stereo=False, title='PsychoPy', units='height', useFBO=True, useRetina=False, viewOri=0.0, viewPos=None, viewScale=None, waitBlanking=True, winType='pyglet')
52.6705 	EXP 	window1: backgroundImage = ''
52.6705 	EXP 	window1: backgroundFit = 'none'
53.2060 	EXP 	window1: Attempting to measure frame rate of screen (0) ...
53.2061 	EXP 	window1: recordFrameIntervals = False
53.3546 	EXP 	window1: recordFrameIntervals = True
53.5383 	EXP 	Screen (0) actual frame rate measured at 59.98Hz
53.5384 	EXP 	window1: recordFrameIntervals = False
53.6176 	INFO 	keyboard.Keyboard is using ptb backend.
53.6177 	EXP 	stroop task: status = STARTED
53.8716 	EXP 	Created text_2 = TextStim(__class__=<class 'psychopy.visual.text.TextStim'>, alignHoriz=method-wrapper(...), alignText='center', alignVert=method-wrapper(...), anchorHoriz='center', anchorVert='center', antialias=True, autoDraw=False, autoLog=True, bold=False, color=array([1., 1., 1.]), colorSpace='rgb', contrast=1.0, depth=0.0, draggable=False, flipHoriz=False, flipVert=False, font='Arial', fontFiles=[], height=np.float64(0.05), italic=False, languageStyle='LTR', name='text_2', opacity=1, ori=0.0, pos=array([0., 0.]), rgb=UNKNOWN, text='Welcome', units='height', win=Window(...), wrapWidth=1)
53.8875 	EXP 	Created fixation = ShapeStim(__class__=<class 'psychopy.visual.shape.ShapeStim'>, anchor=('center', 'center'), autoDraw=False, autoLog=True, closeShape=True, color=method-wrapper(...), colorSpace='rgb', contrast=None, depth=0.0, draggable=False, fillColor=array([1, 1, 1]), fillColorSpace='rgb', fillRGB=array([1, 1, 1]), interpolate=True, lineColor=array([1., 1., 1.]), lineColorSpace='rgb', lineRGB=array([1, 1, 1]), lineWidth=1.0, name='fixation', opacity=1, ori=0.0, pos=array([0., 0.]), size=array([10., 10.]), units='pix', vertices=ndarray(...), win=Window(...), windingRule=None)
53.8886 	EXP 	Created text = TextStim(__class__=<class 'psychopy.visual.text.TextStim'>, alignHoriz=method-wrapper(...), alignText='center', alignVert=method-wrapper(...), anchorHoriz='center', anchorVert='center', antialias=True, autoDraw=False, autoLog=True, bold=False, color=array([1., 1., 1.]), colorSpace='rgb', contrast=1.0, depth=-1.0, draggable=False, flipHoriz=False, flipVert=False, font='Arial', fontFiles=[], height=0.05, italic=False, languageStyle='LTR', name='text', opacity=1, ori=0.0, pos=array([0., 0.]), rgb=UNKNOWN, text='', units='height', win=Window(...), wrapWidth=1)
53.9025 	EXP 	Created text_3 = TextStim(__class__=<class 'psychopy.visual.text.TextStim'>, alignHoriz=method-wrapper(...), alignText='center', alignVert=method-wrapper(...), anchorHoriz='center', anchorVert='center', antialias=True, autoDraw=False, autoLog=True, bold=False, color=array([1., 1., 1.]), colorSpace='rgb', contrast=1.0, depth=0.0, draggable=False, flipHoriz=False, flipVert=False, font='Arial', fontFiles=[], height=np.float64(0.05), italic=False, languageStyle='LTR', name='text_3', opacity=1, ori=0.0, pos=array([0., 0.]), rgb=UNKNOWN, text='thankyou\n', units='height', win=Window(...), wrapWidth=1)
0.0063 	EXP 	text_2: autoDraw = True
1.0378 	EXP 	Imported C:/Users/Admin/OneDrive/psychopy/cond.xlsx as conditions, 4 conditions, 4 params
1.0402 	EXP 	New trial (rep=0, index=0): <Trial 0 (0 in rep 0) data={'word': 'RED', 'colour': 'red', 'stim_condition': 'C', 'correct_res': 'r', 'thisN': 0, 'thisTrialN': 0, 'thisRepN': 0}>
1.0552 	EXP 	text_2: autoDraw = False
1.0552 	EXP 	text: foreColor = <psychopy.colors.Color: red, alpha=1.0>
1.0552 	EXP 	text: height = np.float64(0.05)
1.0552 	EXP 	text: height = np.float64(0.05)
1.0552 	EXP 	text: height = np.float64(0.05)
1.0552 	EXP 	text: text = 'RED'
1.0552 	EXP 	fixation: autoDraw = True
1.5015 	INFO 	Keyboard events cleared
1.5013 	EXP 	fixation: autoDraw = False
1.5013 	EXP 	text: autoDraw = True
3.6223 	EXP 	Device response: <KeyPress from None: t=3.4559176999973715, value=r, duration=None>
3.6224 	EXP 	Device response: <KeyPress from None: t=3.4559176999973715, value=r, duration=0.10477829999581445>
3.6226 	EXP 	New trial (rep=0, index=1): <Trial 1 (1 in rep 0) data={'word': 'BLUE', 'colour': 'red', 'stim_condition': 'I', 'correct_res': 'r', 'thisN': 1, 'thisTrialN': 1, 'thisRepN': 0}>
3.6302 	DATA 	Keypress: r
3.6322 	EXP 	fixation: autoDraw = False
3.6322 	EXP 	text: autoDraw = False
3.6322 	EXP 	text: foreColor = <psychopy.colors.Color: red, alpha=1.0>
3.6322 	EXP 	text: height = np.float64(0.05)
3.6322 	EXP 	text: height = np.float64(0.05)
3.6322 	EXP 	text: height = np.float64(0.05)
3.6322 	EXP 	text: text = 'BLUE'
3.6322 	EXP 	fixation: autoDraw = True
4.1341 	INFO 	Keyboard events cleared
4.1339 	EXP 	fixation: autoDraw = False
4.1339 	EXP 	text: autoDraw = True
5.1348 	EXP 	Device response: <KeyPress from None: t=5.133196099995985, value=r, duration=None>
5.1352 	EXP 	New trial (rep=0, index=2): <Trial 2 (2 in rep 0) data={'word': 'RED', 'colour': 'blue', 'stim_condition': 'I', 'correct_res': 'b', 'thisN': 2, 'thisTrialN': 2, 'thisRepN': 0}>
5.1409 	DATA 	Keypress: r
5.1505 	EXP 	fixation: autoDraw = False
5.1505 	EXP 	text: autoDraw = False
5.1505 	EXP 	text: foreColor = <psychopy.colors.Color: blue, alpha=1.0>
5.1505 	EXP 	text: height = np.float64(0.05)
5.1505 	EXP 	text: height = np.float64(0.05)
5.1505 	EXP 	text: height = np.float64(0.05)
5.1505 	EXP 	text: text = 'RED'
5.1505 	EXP 	fixation: autoDraw = True
5.2515 	EXP 	Device response: <KeyPress from None: t=5.133196099995985, value=r, duration=0.10464279999723658>
5.6506 	INFO 	Keyboard events cleared
5.6504 	EXP 	fixation: autoDraw = False
5.6504 	EXP 	text: autoDraw = True
6.9170 	EXP 	Device response: <KeyPress from None: t=6.905163599993102, value=b, duration=None>
6.9174 	EXP 	New trial (rep=0, index=3): <Trial 3 (3 in rep 0) data={'word': 'BLUE', 'colour': 'blue', 'stim_condition': 'c', 'correct_res': 'b', 'thisN': 3, 'thisTrialN': 3, 'thisRepN': 0}>
6.9236 	DATA 	Keypress: b
6.9332 	EXP 	fixation: autoDraw = False
6.9332 	EXP 	text: autoDraw = False
6.9332 	EXP 	text: foreColor = <psychopy.colors.Color: blue, alpha=1.0>
6.9332 	EXP 	text: height = np.float64(0.05)
6.9332 	EXP 	text: height = np.float64(0.05)
6.9332 	EXP 	text: height = np.float64(0.05)
6.9332 	EXP 	text: text = 'BLUE'
6.9332 	EXP 	fixation: autoDraw = True
7.0006 	EXP 	Device response: <KeyPress from None: t=6.905163599993102, value=b, duration=0.09392330000264337>
7.4162 	INFO 	Keyboard events cleared
7.4161 	EXP 	fixation: autoDraw = False
7.4161 	EXP 	text: autoDraw = True
8.1001 	EXP 	Device response: <KeyPress from None: t=8.085343199993076, value=b, duration=None>
8.1005 	EXP 	New trial (rep=1, index=0): <Trial 4 (0 in rep 1) data={'word': 'RED', 'colour': 'red', 'stim_condition': 'C', 'correct_res': 'r', 'thisN': 4, 'thisTrialN': 0, 'thisRepN': 1}>
8.1061 	DATA 	Keypress: b
8.1162 	EXP 	fixation: autoDraw = False
8.1162 	EXP 	text: autoDraw = False
8.1162 	EXP 	text: foreColor = <psychopy.colors.Color: red, alpha=1.0>
8.1162 	EXP 	text: height = np.float64(0.05)
8.1162 	EXP 	text: height = np.float64(0.05)
8.1162 	EXP 	text: height = np.float64(0.05)
8.1162 	EXP 	text: text = 'RED'
8.1162 	EXP 	fixation: autoDraw = True
8.2001 	EXP 	Device response: <KeyPress from None: t=8.085343199993076, value=b, duration=0.10495590000209631>
8.5996 	INFO 	Keyboard events cleared
8.5994 	EXP 	fixation: autoDraw = False
8.5994 	EXP 	text: autoDraw = True
9.3660 	EXP 	Device response: <KeyPress from None: t=9.356603699998232, value=r, duration=None>
9.3664 	EXP 	New trial (rep=1, index=1): <Trial 5 (1 in rep 1) data={'word': 'BLUE', 'colour': 'blue', 'stim_condition': 'c', 'correct_res': 'b', 'thisN': 5, 'thisTrialN': 1, 'thisRepN': 1}>
9.3716 	DATA 	Keypress: r
9.3825 	EXP 	fixation: autoDraw = False
9.3825 	EXP 	text: autoDraw = False
9.3825 	EXP 	text: foreColor = <psychopy.colors.Color: blue, alpha=1.0>
9.3825 	EXP 	text: height = np.float64(0.05)
9.3825 	EXP 	text: height = np.float64(0.05)
9.3825 	EXP 	text: height = np.float64(0.05)
9.3825 	EXP 	text: text = 'BLUE'
9.3825 	EXP 	fixation: autoDraw = True
9.4498 	EXP 	Device response: <KeyPress from None: t=9.356603699998232, value=r, duration=0.09233120000135386>
9.8660 	INFO 	Keyboard events cleared
9.8658 	EXP 	fixation: autoDraw = False
9.8658 	EXP 	text: autoDraw = True
10.8656 	EXP 	Device response: <KeyPress from None: t=10.85766539999895, value=b, duration=None>
10.8660 	EXP 	New trial (rep=1, index=2): <Trial 6 (2 in rep 1) data={'word': 'RED', 'colour': 'blue', 'stim_condition': 'I', 'correct_res': 'b', 'thisN': 6, 'thisTrialN': 2, 'thisRepN': 1}>
10.8716 	DATA 	Keypress: b
10.8816 	EXP 	fixation: autoDraw = False
10.8816 	EXP 	text: autoDraw = False
10.8816 	EXP 	text: foreColor = <psychopy.colors.Color: blue, alpha=1.0>
10.8816 	EXP 	text: height = np.float64(0.05)
10.8816 	EXP 	text: height = np.float64(0.05)
10.8816 	EXP 	text: height = np.float64(0.05)
10.8816 	EXP 	text: text = 'RED'
10.8816 	EXP 	fixation: autoDraw = True
10.9323 	EXP 	Device response: <KeyPress from None: t=10.85766539999895, value=b, duration=0.06617539999569999>
11.3990 	INFO 	Keyboard events cleared
11.3988 	EXP 	fixation: autoDraw = False
11.3988 	EXP 	text: autoDraw = True
12.6152 	EXP 	Device response: <KeyPress from None: t=12.609256199997617, value=b, duration=None>
12.6157 	EXP 	New trial (rep=1, index=3): <Trial 7 (3 in rep 1) data={'word': 'BLUE', 'colour': 'red', 'stim_condition': 'I', 'correct_res': 'r', 'thisN': 7, 'thisTrialN': 3, 'thisRepN': 1}>
12.6212 	DATA 	Keypress: b
12.6309 	EXP 	fixation: autoDraw = False
12.6309 	EXP 	text: autoDraw = False
12.6309 	EXP 	text: foreColor = <psychopy.colors.Color: red, alpha=1.0>
12.6309 	EXP 	text: height = np.float64(0.05)
12.6309 	EXP 	text: height = np.float64(0.05)
12.6309 	EXP 	text: height = np.float64(0.05)
12.6309 	EXP 	text: text = 'BLUE'
12.6309 	EXP 	fixation: autoDraw = True
12.7487 	EXP 	Device response: <KeyPress from None: t=12.609256199997617, value=b, duration=0.13722240000060992>
13.1310 	INFO 	Keyboard events cleared
13.1308 	EXP 	fixation: autoDraw = False
13.1308 	EXP 	text: autoDraw = True
13.9157 	DATA 	Keypress: r
13.9312 	EXP 	Device response: <KeyPress from None: t=13.915096400000039, value=r, duration=None>
13.9315 	EXP 	New trial (rep=2, index=0): <Trial 8 (0 in rep 2) data={'word': 'RED', 'colour': 'blue', 'stim_condition': 'I', 'correct_res': 'b', 'thisN': 8, 'thisTrialN': 0, 'thisRepN': 2}>
13.9475 	EXP 	fixation: autoDraw = False
13.9475 	EXP 	text: autoDraw = False
13.9475 	EXP 	text: foreColor = <psychopy.colors.Color: blue, alpha=1.0>
13.9475 	EXP 	text: height = np.float64(0.05)
13.9475 	EXP 	text: height = np.float64(0.05)
13.9475 	EXP 	text: height = np.float64(0.05)
13.9475 	EXP 	text: text = 'RED'
13.9475 	EXP 	fixation: autoDraw = True
14.0478 	EXP 	Device response: <KeyPress from None: t=13.915096400000039, value=r, duration=0.1281502999991062>
14.4311 	INFO 	Keyboard events cleared
14.4308 	EXP 	fixation: autoDraw = False
14.4308 	EXP 	text: autoDraw = True
15.9974 	EXP 	Device response: <KeyPress from None: t=15.993844899996475, value=b, duration=None>
15.9978 	EXP 	New trial (rep=2, index=1): <Trial 9 (1 in rep 2) data={'word': 'BLUE', 'colour': 'blue', 'stim_condition': 'c', 'correct_res': 'b', 'thisN': 9, 'thisTrialN': 1, 'thisRepN': 2}>
16.0034 	DATA 	Keypress: b
16.0131 	EXP 	fixation: autoDraw = False
16.0131 	EXP 	text: autoDraw = False
16.0131 	EXP 	text: foreColor = <psychopy.colors.Color: blue, alpha=1.0>
16.0131 	EXP 	text: height = np.float64(0.05)
16.0131 	EXP 	text: height = np.float64(0.05)
16.0131 	EXP 	text: height = np.float64(0.05)
16.0131 	EXP 	text: text = 'BLUE'
16.0131 	EXP 	fixation: autoDraw = True
16.1139 	EXP 	Device response: <KeyPress from None: t=15.993844899996475, value=b, duration=0.10932570000295527>
16.4970 	INFO 	Keyboard events cleared
16.4968 	EXP 	fixation: autoDraw = False
16.4968 	EXP 	text: autoDraw = True
17.7635 	EXP 	Device response: <KeyPress from None: t=17.762395399993693, value=b, duration=None>
17.7639 	EXP 	New trial (rep=2, index=2): <Trial 10 (2 in rep 2) data={'word': 'RED', 'colour': 'red', 'stim_condition': 'C', 'correct_res': 'r', 'thisN': 10, 'thisTrialN': 2, 'thisRepN': 2}>
17.7700 	DATA 	Keypress: b
17.7792 	EXP 	fixation: autoDraw = False
17.7792 	EXP 	text: autoDraw = False
17.7792 	EXP 	text: foreColor = <psychopy.colors.Color: red, alpha=1.0>
17.7792 	EXP 	text: height = np.float64(0.05)
17.7792 	EXP 	text: height = np.float64(0.05)
17.7792 	EXP 	text: height = np.float64(0.05)
17.7792 	EXP 	text: text = 'RED'
17.7792 	EXP 	fixation: autoDraw = True
17.8305 	EXP 	Device response: <KeyPress from None: t=17.762395399993693, value=b, duration=0.06138430000282824>
18.2628 	INFO 	Keyboard events cleared
18.2626 	EXP 	fixation: autoDraw = False
18.2626 	EXP 	text: autoDraw = True
19.0298 	EXP 	Device response: <KeyPress from None: t=19.01902209999389, value=r, duration=None>
19.0303 	EXP 	New trial (rep=2, index=3): <Trial 11 (3 in rep 2) data={'word': 'BLUE', 'colour': 'red', 'stim_condition': 'I', 'correct_res': 'r', 'thisN': 11, 'thisTrialN': 3, 'thisRepN': 2}>
19.0395 	DATA 	Keypress: r
19.0456 	EXP 	fixation: autoDraw = False
19.0456 	EXP 	text: autoDraw = False
19.0456 	EXP 	text: foreColor = <psychopy.colors.Color: red, alpha=1.0>
19.0456 	EXP 	text: height = np.float64(0.05)
19.0456 	EXP 	text: height = np.float64(0.05)
19.0456 	EXP 	text: height = np.float64(0.05)
19.0456 	EXP 	text: text = 'BLUE'
19.0456 	EXP 	fixation: autoDraw = True
19.1291 	EXP 	Device response: <KeyPress from None: t=19.01902209999389, value=r, duration=0.09355660000437638>
19.5458 	INFO 	Keyboard events cleared
19.5456 	EXP 	fixation: autoDraw = False
19.5456 	EXP 	text: autoDraw = True
23.3612 	EXP 	Device response: <KeyPress from None: t=23.351442499995755, value=r, duration=None>
23.3616 	EXP 	New trial (rep=3, index=0): <Trial 12 (0 in rep 3) data={'word': 'RED', 'colour': 'blue', 'stim_condition': 'I', 'correct_res': 'b', 'thisN': 12, 'thisTrialN': 0, 'thisRepN': 3}>
23.3672 	DATA 	Keypress: r
23.3774 	EXP 	fixation: autoDraw = False
23.3774 	EXP 	text: autoDraw = False
23.3774 	EXP 	text: foreColor = <psychopy.colors.Color: blue, alpha=1.0>
23.3774 	EXP 	text: height = np.float64(0.05)
23.3774 	EXP 	text: height = np.float64(0.05)
23.3774 	EXP 	text: height = np.float64(0.05)
23.3774 	EXP 	text: text = 'RED'
23.3774 	EXP 	fixation: autoDraw = True
23.5282 	EXP 	Device response: <KeyPress from None: t=23.351442499995755, value=r, duration=0.16492100000323262>
23.8610 	INFO 	Keyboard events cleared
23.8608 	EXP 	fixation: autoDraw = False
23.8608 	EXP 	text: autoDraw = True
25.3941 	EXP 	Device response: <KeyPress from None: t=25.38725529999647, value=b, duration=None>
25.3945 	EXP 	New trial (rep=3, index=1): <Trial 13 (1 in rep 3) data={'word': 'RED', 'colour': 'red', 'stim_condition': 'C', 'correct_res': 'r', 'thisN': 13, 'thisTrialN': 1, 'thisRepN': 3}>
25.3965 	DATA 	Keypress: b
25.4101 	EXP 	fixation: autoDraw = False
25.4101 	EXP 	text: autoDraw = False
25.4101 	EXP 	text: foreColor = <psychopy.colors.Color: red, alpha=1.0>
25.4101 	EXP 	text: text = 'RED'
25.4101 	EXP 	fixation: autoDraw = True
25.5943 	EXP 	Device response: <KeyPress from None: t=25.38725529999647, value=b, duration=0.19264919999841368>
25.9006 	INFO 	Keyboard events cleared
25.9004 	EXP 	fixation: autoDraw = False
25.9004 	EXP 	text: autoDraw = True
26.7104 	EXP 	Device response: <KeyPress from None: t=26.70258119999926, value=r, duration=None>
26.7108 	EXP 	New trial (rep=3, index=2): <Trial 14 (2 in rep 3) data={'word': 'BLUE', 'colour': 'red', 'stim_condition': 'I', 'correct_res': 'r', 'thisN': 14, 'thisTrialN': 2, 'thisRepN': 3}>
26.7163 	DATA 	Keypress: r
26.7263 	EXP 	fixation: autoDraw = False
26.7263 	EXP 	text: autoDraw = False
26.7263 	EXP 	text: foreColor = <psychopy.colors.Color: red, alpha=1.0>
26.7263 	EXP 	text: height = np.float64(0.05)
26.7263 	EXP 	text: height = np.float64(0.05)
26.7263 	EXP 	text: height = np.float64(0.05)
26.7263 	EXP 	text: text = 'BLUE'
26.7263 	EXP 	fixation: autoDraw = True
26.8773 	EXP 	Device response: <KeyPress from None: t=26.70258119999926, value=r, duration=0.1597879999972065>
27.2263 	INFO 	Keyboard events cleared
27.2262 	EXP 	fixation: autoDraw = False
27.2262 	EXP 	text: autoDraw = True
27.6601 	EXP 	Device response: <KeyPress from None: t=27.64524239999446, value=r, duration=None>
27.6605 	EXP 	New trial (rep=3, index=3): <Trial 15 (3 in rep 3) data={'word': 'BLUE', 'colour': 'blue', 'stim_condition': 'c', 'correct_res': 'b', 'thisN': 15, 'thisTrialN': 3, 'thisRepN': 3}>
27.6625 	DATA 	Keypress: r
27.6760 	EXP 	fixation: autoDraw = False
27.6760 	EXP 	text: autoDraw = False
27.6760 	EXP 	text: foreColor = <psychopy.colors.Color: blue, alpha=1.0>
27.6760 	EXP 	text: text = 'BLUE'
27.6760 	EXP 	fixation: autoDraw = True
27.8102 	EXP 	Device response: <KeyPress from None: t=27.64524239999446, value=r, duration=0.15489520000119228>
28.1596 	INFO 	Keyboard events cleared
28.1594 	EXP 	fixation: autoDraw = False
28.1594 	EXP 	text: autoDraw = True
28.8764 	EXP 	Device response: <KeyPress from None: t=28.87095229999977, value=b, duration=None>
28.8768 	EXP 	New trial (rep=4, index=0): <Trial 16 (0 in rep 4) data={'word': 'RED', 'colour': 'red', 'stim_condition': 'C', 'correct_res': 'r', 'thisN': 16, 'thisTrialN': 0, 'thisRepN': 4}>
28.8828 	DATA 	Keypress: b
28.8924 	EXP 	fixation: autoDraw = False
28.8924 	EXP 	text: autoDraw = False
28.8924 	EXP 	text: foreColor = <psychopy.colors.Color: red, alpha=1.0>
28.8924 	EXP 	text: height = np.float64(0.05)
28.8924 	EXP 	text: height = np.float64(0.05)
28.8924 	EXP 	text: height = np.float64(0.05)
28.8924 	EXP 	text: text = 'RED'
28.8924 	EXP 	fixation: autoDraw = True
29.0430 	EXP 	Device response: <KeyPress from None: t=28.87095229999977, value=b, duration=0.15938289999758126>
29.3923 	INFO 	Keyboard events cleared
29.3921 	EXP 	fixation: autoDraw = False
29.3921 	EXP 	text: autoDraw = True
30.1760 	EXP 	Device response: <KeyPress from None: t=30.168863599996257, value=r, duration=None>
30.1764 	EXP 	New trial (rep=4, index=1): <Trial 17 (1 in rep 4) data={'word': 'RED', 'colour': 'blue', 'stim_condition': 'I', 'correct_res': 'b', 'thisN': 17, 'thisTrialN': 1, 'thisRepN': 4}>
30.1784 	DATA 	Keypress: r
30.1920 	EXP 	fixation: autoDraw = False
30.1920 	EXP 	text: autoDraw = False
30.1920 	EXP 	text: foreColor = <psychopy.colors.Color: blue, alpha=1.0>
30.1920 	EXP 	text: text = 'RED'
30.1920 	EXP 	fixation: autoDraw = True
30.3091 	EXP 	Device response: <KeyPress from None: t=30.168863599996257, value=r, duration=0.13115860000107205>
30.6922 	INFO 	Keyboard events cleared
30.6920 	EXP 	fixation: autoDraw = False
30.6920 	EXP 	text: autoDraw = True
31.9252 	EXP 	Device response: <KeyPress from None: t=31.916532099996402, value=b, duration=None>
31.9256 	EXP 	New trial (rep=4, index=2): <Trial 18 (2 in rep 4) data={'word': 'BLUE', 'colour': 'red', 'stim_condition': 'I', 'correct_res': 'r', 'thisN': 18, 'thisTrialN': 2, 'thisRepN': 4}>
31.9317 	DATA 	Keypress: b
31.9413 	EXP 	fixation: autoDraw = False
31.9413 	EXP 	text: autoDraw = False
31.9413 	EXP 	text: foreColor = <psychopy.colors.Color: red, alpha=1.0>
31.9413 	EXP 	text: height = np.float64(0.05)
31.9413 	EXP 	text: height = np.float64(0.05)
31.9413 	EXP 	text: height = np.float64(0.05)
31.9413 	EXP 	text: text = 'BLUE'
31.9413 	EXP 	fixation: autoDraw = True
32.0753 	EXP 	Device response: <KeyPress from None: t=31.916532099996402, value=b, duration=0.14243890000216197>
32.4249 	INFO 	Keyboard events cleared
32.4247 	EXP 	fixation: autoDraw = False
32.4247 	EXP 	text: autoDraw = True
33.3914 	EXP 	Device response: <KeyPress from None: t=33.38302539999859, value=r, duration=None>
33.3919 	EXP 	New trial (rep=4, index=3): <Trial 19 (3 in rep 4) data={'word': 'BLUE', 'colour': 'blue', 'stim_condition': 'c', 'correct_res': 'b', 'thisN': 19, 'thisTrialN': 3, 'thisRepN': 4}>
33.3939 	DATA 	Keypress: r
33.4073 	EXP 	fixation: autoDraw = False
33.4073 	EXP 	text: autoDraw = False
33.4073 	EXP 	text: foreColor = <psychopy.colors.Color: blue, alpha=1.0>
33.4073 	EXP 	text: text = 'BLUE'
33.4073 	EXP 	fixation: autoDraw = True
33.5247 	EXP 	Device response: <KeyPress from None: t=33.38302539999859, value=r, duration=0.1325721999965026>
33.8908 	INFO 	Keyboard events cleared
33.8906 	EXP 	fixation: autoDraw = False
33.8906 	EXP 	text: autoDraw = True
34.6913 	EXP 	Device response: <KeyPress from None: t=34.68112269999983, value=b, duration=None>
34.6917 	EXP 	New trial (rep=5, index=0): <Trial 20 (0 in rep 5) data={'word': 'RED', 'colour': 'blue', 'stim_condition': 'I', 'correct_res': 'b', 'thisN': 20, 'thisTrialN': 0, 'thisRepN': 5}>
34.6977 	DATA 	Keypress: b
34.7069 	EXP 	fixation: autoDraw = False
34.7069 	EXP 	text: autoDraw = False
34.7069 	EXP 	text: foreColor = <psychopy.colors.Color: blue, alpha=1.0>
34.7069 	EXP 	text: height = np.float64(0.05)
34.7069 	EXP 	text: height = np.float64(0.05)
34.7069 	EXP 	text: height = np.float64(0.05)
34.7069 	EXP 	text: text = 'RED'
34.7069 	EXP 	fixation: autoDraw = True
34.8077 	EXP 	Device response: <KeyPress from None: t=34.68112269999983, value=b, duration=0.11051709999446757>
35.2068 	INFO 	Keyboard events cleared
35.2067 	EXP 	fixation: autoDraw = False
35.2067 	EXP 	text: autoDraw = True
36.5240 	EXP 	Device response: <KeyPress from None: t=36.509930899999745, value=b, duration=None>
36.5244 	EXP 	New trial (rep=5, index=1): <Trial 21 (1 in rep 5) data={'word': 'BLUE', 'colour': 'red', 'stim_condition': 'I', 'correct_res': 'r', 'thisN': 21, 'thisTrialN': 1, 'thisRepN': 5}>
36.5302 	DATA 	Keypress: b
36.5397 	EXP 	fixation: autoDraw = False
36.5397 	EXP 	text: autoDraw = False
36.5397 	EXP 	text: foreColor = <psychopy.colors.Color: red, alpha=1.0>
36.5397 	EXP 	text: height = np.float64(0.05)
36.5397 	EXP 	text: height = np.float64(0.05)
36.5397 	EXP 	text: height = np.float64(0.05)
36.5397 	EXP 	text: text = 'BLUE'
36.5397 	EXP 	fixation: autoDraw = True
36.6405 	EXP 	Device response: <KeyPress from None: t=36.509930899999745, value=b, duration=0.11518149999756133>
37.0401 	INFO 	Keyboard events cleared
37.0399 	EXP 	fixation: autoDraw = False
37.0399 	EXP 	text: autoDraw = True
38.7397 	EXP 	Device response: <KeyPress from None: t=38.73545649999869, value=r, duration=None>
38.7401 	EXP 	New trial (rep=5, index=2): <Trial 22 (2 in rep 5) data={'word': 'BLUE', 'colour': 'blue', 'stim_condition': 'c', 'correct_res': 'b', 'thisN': 22, 'thisTrialN': 2, 'thisRepN': 5}>
38.7421 	DATA 	Keypress: r
38.7556 	EXP 	fixation: autoDraw = False
38.7556 	EXP 	text: autoDraw = False
38.7556 	EXP 	text: foreColor = <psychopy.colors.Color: blue, alpha=1.0>
38.7556 	EXP 	text: text = 'BLUE'
38.7556 	EXP 	fixation: autoDraw = True
38.8398 	EXP 	Device response: <KeyPress from None: t=38.73545649999869, value=r, duration=0.1037341999981436>
39.2392 	INFO 	Keyboard events cleared
39.2391 	EXP 	fixation: autoDraw = False
39.2391 	EXP 	text: autoDraw = True
40.2061 	EXP 	Device response: <KeyPress from None: t=40.20459409999603, value=b, duration=None>
40.2065 	EXP 	New trial (rep=5, index=3): <Trial 23 (3 in rep 5) data={'word': 'RED', 'colour': 'red', 'stim_condition': 'C', 'correct_res': 'r', 'thisN': 23, 'thisTrialN': 3, 'thisRepN': 5}>
40.2123 	DATA 	Keypress: b
40.2218 	EXP 	fixation: autoDraw = False
40.2218 	EXP 	text: autoDraw = False
40.2218 	EXP 	text: foreColor = <psychopy.colors.Color: red, alpha=1.0>
40.2218 	EXP 	text: height = np.float64(0.05)
40.2218 	EXP 	text: height = np.float64(0.05)
40.2218 	EXP 	text: height = np.float64(0.05)
40.2218 	EXP 	text: text = 'RED'
40.2218 	EXP 	fixation: autoDraw = True
40.3391 	EXP 	Device response: <KeyPress from None: t=40.20459409999603, value=b, duration=0.12245450000045821>
40.7221 	INFO 	Keyboard events cleared
40.7218 	EXP 	fixation: autoDraw = False
40.7218 	EXP 	text: autoDraw = True
41.6888 	EXP 	Device response: <KeyPress from None: t=41.68002290000004, value=r, duration=None>
41.6892 	EXP 	New trial (rep=6, index=0): <Trial 24 (0 in rep 6) data={'word': 'BLUE', 'colour': 'blue', 'stim_condition': 'c', 'correct_res': 'b', 'thisN': 24, 'thisTrialN': 0, 'thisRepN': 6}>
41.6952 	DATA 	Keypress: r
41.7046 	EXP 	fixation: autoDraw = False
41.7046 	EXP 	text: autoDraw = False
41.7046 	EXP 	text: foreColor = <psychopy.colors.Color: blue, alpha=1.0>
41.7046 	EXP 	text: height = np.float64(0.05)
41.7046 	EXP 	text: height = np.float64(0.05)
41.7046 	EXP 	text: height = np.float64(0.05)
41.7046 	EXP 	text: text = 'BLUE'
41.7046 	EXP 	fixation: autoDraw = True
41.7888 	EXP 	Device response: <KeyPress from None: t=41.68002290000004, value=r, duration=0.09330939999927068>
42.1883 	INFO 	Keyboard events cleared
42.1882 	EXP 	fixation: autoDraw = False
42.1882 	EXP 	text: autoDraw = True
42.9886 	EXP 	Device response: <KeyPress from None: t=42.97630119999667, value=b, duration=None>
42.9891 	EXP 	New trial (rep=6, index=1): <Trial 25 (1 in rep 6) data={'word': 'RED', 'colour': 'blue', 'stim_condition': 'I', 'correct_res': 'b', 'thisN': 25, 'thisTrialN': 1, 'thisRepN': 6}>
42.9948 	DATA 	Keypress: b
43.0041 	EXP 	fixation: autoDraw = False
43.0041 	EXP 	text: autoDraw = False
43.0041 	EXP 	text: foreColor = <psychopy.colors.Color: blue, alpha=1.0>
43.0041 	EXP 	text: height = np.float64(0.05)
43.0041 	EXP 	text: height = np.float64(0.05)
43.0041 	EXP 	text: height = np.float64(0.05)
43.0041 	EXP 	text: text = 'RED'
43.0041 	EXP 	fixation: autoDraw = True
43.1046 	EXP 	Device response: <KeyPress from None: t=42.97630119999667, value=b, duration=0.12200470000243513>
43.5044 	INFO 	Keyboard events cleared
43.5041 	EXP 	fixation: autoDraw = False
43.5041 	EXP 	text: autoDraw = True
44.3212 	EXP 	Device response: <KeyPress from None: t=44.31668279999576, value=b, duration=None>
44.3215 	EXP 	New trial (rep=6, index=2): <Trial 26 (2 in rep 6) data={'word': 'RED', 'colour': 'red', 'stim_condition': 'C', 'correct_res': 'r', 'thisN': 26, 'thisTrialN': 2, 'thisRepN': 6}>
44.3237 	DATA 	Keypress: b
44.3372 	EXP 	fixation: autoDraw = False
44.3372 	EXP 	text: autoDraw = False
44.3372 	EXP 	text: foreColor = <psychopy.colors.Color: red, alpha=1.0>
44.3372 	EXP 	text: text = 'RED'
44.3372 	EXP 	fixation: autoDraw = True
44.4879 	EXP 	Device response: <KeyPress from None: t=44.31668279999576, value=b, duration=0.165686000000278>
44.8208 	INFO 	Keyboard events cleared
44.8206 	EXP 	fixation: autoDraw = False
44.8206 	EXP 	text: autoDraw = True
45.7206 	EXP 	Device response: <KeyPress from None: t=45.70862319999287, value=r, duration=None>
45.7210 	EXP 	New trial (rep=6, index=3): <Trial 27 (3 in rep 6) data={'word': 'BLUE', 'colour': 'red', 'stim_condition': 'I', 'correct_res': 'r', 'thisN': 27, 'thisTrialN': 3, 'thisRepN': 6}>
45.7271 	DATA 	Keypress: r
45.7367 	EXP 	fixation: autoDraw = False
45.7367 	EXP 	text: autoDraw = False
45.7367 	EXP 	text: foreColor = <psychopy.colors.Color: red, alpha=1.0>
45.7367 	EXP 	text: height = np.float64(0.05)
45.7367 	EXP 	text: height = np.float64(0.05)
45.7367 	EXP 	text: height = np.float64(0.05)
45.7367 	EXP 	text: text = 'BLUE'
45.7367 	EXP 	fixation: autoDraw = True
45.8373 	EXP 	Device response: <KeyPress from None: t=45.70862319999287, value=r, duration=0.12598690000595525>
46.2203 	INFO 	Keyboard events cleared
46.2202 	EXP 	fixation: autoDraw = False
46.2202 	EXP 	text: autoDraw = True
47.3870 	EXP 	Device response: <KeyPress from None: t=47.38629649999348, value=b, duration=None>
47.3876 	EXP 	New trial (rep=7, index=0): <Trial 28 (0 in rep 7) data={'word': 'RED', 'colour': 'blue', 'stim_condition': 'I', 'correct_res': 'b', 'thisN': 28, 'thisTrialN': 0, 'thisRepN': 7}>
47.3937 	DATA 	Keypress: b
47.4028 	EXP 	fixation: autoDraw = False
47.4028 	EXP 	text: autoDraw = False
47.4028 	EXP 	text: foreColor = <psychopy.colors.Color: blue, alpha=1.0>
47.4028 	EXP 	text: height = np.float64(0.05)
47.4028 	EXP 	text: height = np.float64(0.05)
47.4028 	EXP 	text: height = np.float64(0.05)
47.4028 	EXP 	text: text = 'RED'
47.4028 	EXP 	fixation: autoDraw = True
47.5367 	EXP 	Device response: <KeyPress from None: t=47.38629649999348, value=b, duration=0.13737899999978254>
47.9029 	INFO 	Keyboard events cleared
47.9028 	EXP 	fixation: autoDraw = False
47.9028 	EXP 	text: autoDraw = True
51.5187 	EXP 	Device response: <KeyPress from None: t=51.51784739999857, value=b, duration=None>
51.5191 	EXP 	New trial (rep=7, index=1): <Trial 29 (1 in rep 7) data={'word': 'BLUE', 'colour': 'red', 'stim_condition': 'I', 'correct_res': 'r', 'thisN': 29, 'thisTrialN': 1, 'thisRepN': 7}>
51.5256 	DATA 	Keypress: b
51.5348 	EXP 	fixation: autoDraw = False
51.5348 	EXP 	text: autoDraw = False
51.5348 	EXP 	text: foreColor = <psychopy.colors.Color: red, alpha=1.0>
51.5348 	EXP 	text: height = np.float64(0.05)
51.5348 	EXP 	text: height = np.float64(0.05)
51.5348 	EXP 	text: height = np.float64(0.05)
51.5348 	EXP 	text: text = 'BLUE'
51.5348 	EXP 	fixation: autoDraw = True
51.6191 	EXP 	Device response: <KeyPress from None: t=51.51784739999857, value=b, duration=0.08661969999957364>
52.0182 	INFO 	Keyboard events cleared
52.0180 	EXP 	fixation: autoDraw = False
52.0180 	EXP 	text: autoDraw = True
53.0850 	EXP 	Device response: <KeyPress from None: t=53.07709189999878, value=r, duration=None>
53.0856 	EXP 	New trial (rep=7, index=2): <Trial 30 (2 in rep 7) data={'word': 'RED', 'colour': 'red', 'stim_condition': 'C', 'correct_res': 'r', 'thisN': 30, 'thisTrialN': 2, 'thisRepN': 7}>
53.0912 	DATA 	Keypress: r
53.1008 	EXP 	fixation: autoDraw = False
53.1008 	EXP 	text: autoDraw = False
53.1008 	EXP 	text: foreColor = <psychopy.colors.Color: red, alpha=1.0>
53.1008 	EXP 	text: height = np.float64(0.05)
53.1008 	EXP 	text: height = np.float64(0.05)
53.1008 	EXP 	text: height = np.float64(0.05)
53.1008 	EXP 	text: text = 'RED'
53.1008 	EXP 	fixation: autoDraw = True
53.2513 	EXP 	Device response: <KeyPress from None: t=53.07709189999878, value=r, duration=0.16466070000024047>
53.5845 	INFO 	Keyboard events cleared
53.5844 	EXP 	fixation: autoDraw = False
53.5844 	EXP 	text: autoDraw = True
54.4676 	EXP 	Device response: <KeyPress from None: t=54.45818319999671, value=r, duration=None>
54.4680 	EXP 	New trial (rep=7, index=3): <Trial 31 (3 in rep 7) data={'word': 'BLUE', 'colour': 'blue', 'stim_condition': 'c', 'correct_res': 'b', 'thisN': 31, 'thisTrialN': 3, 'thisRepN': 7}>
54.4734 	DATA 	Keypress: r
54.4837 	EXP 	fixation: autoDraw = False
54.4837 	EXP 	text: autoDraw = False
54.4837 	EXP 	text: foreColor = <psychopy.colors.Color: blue, alpha=1.0>
54.4837 	EXP 	text: height = np.float64(0.05)
54.4837 	EXP 	text: height = np.float64(0.05)
54.4837 	EXP 	text: height = np.float64(0.05)
54.4837 	EXP 	text: text = 'BLUE'
54.4837 	EXP 	fixation: autoDraw = True
54.6012 	EXP 	Device response: <KeyPress from None: t=54.45818319999671, value=r, duration=0.12666229999740608>
54.9673 	INFO 	Keyboard events cleared
54.9671 	EXP 	fixation: autoDraw = False
54.9671 	EXP 	text: autoDraw = True
55.8174 	EXP 	Device response: <KeyPress from None: t=55.8038990999994, value=b, duration=None>
55.8178 	EXP 	New trial (rep=8, index=0): <Trial 32 (0 in rep 8) data={'word': 'BLUE', 'colour': 'red', 'stim_condition': 'I', 'correct_res': 'r', 'thisN': 32, 'thisTrialN': 0, 'thisRepN': 8}>
55.8199 	DATA 	Keypress: b
55.8333 	EXP 	fixation: autoDraw = False
55.8333 	EXP 	text: autoDraw = False
55.8333 	EXP 	text: foreColor = <psychopy.colors.Color: red, alpha=1.0>
55.8333 	EXP 	text: text = 'BLUE'
55.8333 	EXP 	fixation: autoDraw = True
55.9341 	EXP 	Device response: <KeyPress from None: t=55.8038990999994, value=b, duration=0.11436349999712547>
56.4032 	INFO 	Keyboard events cleared
56.4031 	EXP 	fixation: autoDraw = False
56.4031 	EXP 	text: autoDraw = True
57.6836 	EXP 	Device response: <KeyPress from None: t=57.67111099999602, value=r, duration=None>
57.6840 	EXP 	New trial (rep=8, index=1): <Trial 33 (1 in rep 8) data={'word': 'BLUE', 'colour': 'blue', 'stim_condition': 'c', 'correct_res': 'b', 'thisN': 33, 'thisTrialN': 1, 'thisRepN': 8}>
57.6860 	DATA 	Keypress: r
57.6994 	EXP 	fixation: autoDraw = False
57.6994 	EXP 	text: autoDraw = False
57.6994 	EXP 	text: foreColor = <psychopy.colors.Color: blue, alpha=1.0>
57.6994 	EXP 	text: text = 'BLUE'
57.6994 	EXP 	fixation: autoDraw = True
57.7832 	EXP 	Device response: <KeyPress from None: t=57.67111099999602, value=r, duration=0.10198659999878146>
58.1997 	INFO 	Keyboard events cleared
58.1996 	EXP 	fixation: autoDraw = False
58.1996 	EXP 	text: autoDraw = True
59.2176 	DATA 	Keypress: b
59.2328 	EXP 	Device response: <KeyPress from None: t=59.21707599999354, value=b, duration=None>
59.2332 	EXP 	New trial (rep=8, index=2): <Trial 34 (2 in rep 8) data={'word': 'RED', 'colour': 'red', 'stim_condition': 'C', 'correct_res': 'r', 'thisN': 34, 'thisTrialN': 2, 'thisRepN': 8}>
59.2491 	EXP 	fixation: autoDraw = False
59.2491 	EXP 	text: autoDraw = False
59.2491 	EXP 	text: foreColor = <psychopy.colors.Color: red, alpha=1.0>
59.2491 	EXP 	text: height = np.float64(0.05)
59.2491 	EXP 	text: height = np.float64(0.05)
59.2491 	EXP 	text: height = np.float64(0.05)
59.2491 	EXP 	text: text = 'RED'
59.2491 	EXP 	fixation: autoDraw = True
59.3660 	EXP 	Device response: <KeyPress from None: t=59.21707599999354, value=b, duration=0.1388481000030879>
59.7325 	INFO 	Keyboard events cleared
59.7323 	EXP 	fixation: autoDraw = False
59.7323 	EXP 	text: autoDraw = True
60.8990 	EXP 	Device response: <KeyPress from None: t=60.89047259999643, value=r, duration=None>
60.8994 	EXP 	New trial (rep=8, index=3): <Trial 35 (3 in rep 8) data={'word': 'RED', 'colour': 'blue', 'stim_condition': 'I', 'correct_res': 'b', 'thisN': 35, 'thisTrialN': 3, 'thisRepN': 8}>
60.9013 	DATA 	Keypress: r
60.9149 	EXP 	fixation: autoDraw = False
60.9149 	EXP 	text: autoDraw = False
60.9149 	EXP 	text: foreColor = <psychopy.colors.Color: blue, alpha=1.0>
60.9149 	EXP 	text: text = 'RED'
60.9149 	EXP 	fixation: autoDraw = True
60.9991 	EXP 	Device response: <KeyPress from None: t=60.89047259999643, value=r, duration=0.09920460000284947>
61.4152 	INFO 	Keyboard events cleared
61.4150 	EXP 	fixation: autoDraw = False
61.4150 	EXP 	text: autoDraw = True
62.6816 	EXP 	Device response: <KeyPress from None: t=62.67902029999823, value=b, duration=None>
62.6820 	EXP 	New trial (rep=9, index=0): <Trial 36 (0 in rep 9) data={'word': 'BLUE', 'colour': 'red', 'stim_condition': 'I', 'correct_res': 'r', 'thisN': 36, 'thisTrialN': 0, 'thisRepN': 9}>
62.6878 	DATA 	Keypress: b
62.6976 	EXP 	fixation: autoDraw = False
62.6976 	EXP 	text: autoDraw = False
62.6976 	EXP 	text: foreColor = <psychopy.colors.Color: red, alpha=1.0>
62.6976 	EXP 	text: height = np.float64(0.05)
62.6976 	EXP 	text: height = np.float64(0.05)
62.6976 	EXP 	text: height = np.float64(0.05)
62.6976 	EXP 	text: text = 'BLUE'
62.6976 	EXP 	fixation: autoDraw = True
62.8317 	EXP 	Device response: <KeyPress from None: t=62.67902029999823, value=b, duration=0.13757929999701446>
63.1812 	INFO 	Keyboard events cleared
63.1810 	EXP 	fixation: autoDraw = False
63.1810 	EXP 	text: autoDraw = True
64.9977 	EXP 	Device response: <KeyPress from None: t=64.98763949999557, value=r, duration=None>
64.9981 	EXP 	New trial (rep=9, index=1): <Trial 37 (1 in rep 9) data={'word': 'BLUE', 'colour': 'blue', 'stim_condition': 'c', 'correct_res': 'b', 'thisN': 37, 'thisTrialN': 1, 'thisRepN': 9}>
65.0002 	DATA 	Keypress: r
65.0135 	EXP 	fixation: autoDraw = False
65.0135 	EXP 	text: autoDraw = False
65.0135 	EXP 	text: foreColor = <psychopy.colors.Color: blue, alpha=1.0>
65.0135 	EXP 	text: text = 'BLUE'
65.0135 	EXP 	fixation: autoDraw = True
65.1642 	EXP 	Device response: <KeyPress from None: t=64.98763949999557, value=r, duration=0.15980900000431575>
65.4973 	INFO 	Keyboard events cleared
65.4971 	EXP 	fixation: autoDraw = False
65.4971 	EXP 	text: autoDraw = True
66.6635 	EXP 	Device response: <KeyPress from None: t=66.66070719999698, value=b, duration=None>
66.6639 	EXP 	New trial (rep=9, index=2): <Trial 38 (2 in rep 9) data={'word': 'RED', 'colour': 'blue', 'stim_condition': 'I', 'correct_res': 'b', 'thisN': 38, 'thisTrialN': 2, 'thisRepN': 9}>
66.6694 	DATA 	Keypress: b
66.6797 	EXP 	fixation: autoDraw = False
66.6797 	EXP 	text: autoDraw = False
66.6797 	EXP 	text: foreColor = <psychopy.colors.Color: blue, alpha=1.0>
66.6797 	EXP 	text: height = np.float64(0.05)
66.6797 	EXP 	text: height = np.float64(0.05)
66.6797 	EXP 	text: height = np.float64(0.05)
66.6797 	EXP 	text: text = 'RED'
66.6797 	EXP 	fixation: autoDraw = True
66.7805 	EXP 	Device response: <KeyPress from None: t=66.66070719999698, value=b, duration=0.11116529999708291>
67.1633 	INFO 	Keyboard events cleared
67.1631 	EXP 	fixation: autoDraw = False
67.1631 	EXP 	text: autoDraw = True
68.4967 	EXP 	Device response: <KeyPress from None: t=68.4932364999986, value=b, duration=None>
68.4972 	EXP 	New trial (rep=9, index=3): <Trial 39 (3 in rep 9) data={'word': 'RED', 'colour': 'red', 'stim_condition': 'C', 'correct_res': 'r', 'thisN': 39, 'thisTrialN': 3, 'thisRepN': 9}>
68.4993 	DATA 	Keypress: b
68.5123 	EXP 	fixation: autoDraw = False
68.5123 	EXP 	text: autoDraw = False
68.5123 	EXP 	text: foreColor = <psychopy.colors.Color: red, alpha=1.0>
68.5123 	EXP 	text: text = 'RED'
68.5123 	EXP 	fixation: autoDraw = True
68.6298 	EXP 	Device response: <KeyPress from None: t=68.4932364999986, value=b, duration=0.12750969999615336>
68.9960 	INFO 	Keyboard events cleared
68.9958 	EXP 	fixation: autoDraw = False
68.9958 	EXP 	text: autoDraw = True
69.7295 	EXP 	Device response: <KeyPress from None: t=69.71712079999998, value=r, duration=None>
69.7329 	DATA 	Keypress: r
69.7452 	EXP 	fixation: autoDraw = False
69.7452 	EXP 	text: autoDraw = False
69.7452 	EXP 	text_3: autoDraw = True
69.8624 	EXP 	Device response: <KeyPress from None: t=69.71712079999998, value=r, duration=0.14330559999507386>
70.7450 	EXP 	text_3: autoDraw = False
70.7450 	EXP 	text_3: autoDraw = False
70.7453 	EXP 	stroop task: status = STOPPED
70.7715 	INFO 	saved data to 'C:\\Users\\Admin\\OneDrive\\psychopy\\data\\2_stroop task_2025-08-26_09h31.40.879.csv'
70.7752 	INFO 	saved data to C:\Users\Admin\OneDrive\psychopy\data\2_stroop task_2025-08-26_09h31.40.879.psydat
72.4298 	WARNING 	Stopping key buffers but this could be dangerous ifother keyboards rely on the same.
