24.8516 	INFO 	Loaded monitor calibration from ['2025_08_12 10:43']
24.8593 	WARNING 	User requested fullscreen with size [1024  768], but screen is actually [1920, 1080]. Using actual size
25.1848 	INFO 	Using renderer 'Intel(R) Iris(R) Xe Graphics' for graphics
25.1848 	INFO 	OpenGL version supported by driver is 4..
25.2124 	EXP 	Created window1 = Window(allowGUI=False, allowStencil=False, autoLog=True, backendConf=UNKNOWN, backgroundFit=<method-wrapper '__getattribute__' of attributeSetter object at 0x00000214BAE463B0>, backgroundImage=<method-wrapper '__getattribute__' of attributeSetter object at 0x00000214BAE46350>, bitsMode=UNKNOWN, blendMode='avg', bpc=(8, 8, 8), color=array([0, 0, 0]), colorSpace='rgb', depthBits=8, fullscr=True, gamma=None, gammaErrorPolicy='raise', infoMsg=UNKNOWN, lms=UNKNOWN, monitor=<psychopy.monitors.calibTools.Monitor object at 0x00000214BAEFFC70>, multiSample=False, name='window1', numSamples=2, pos=[np.float64(0.0), np.float64(0.0)], screen=0, size=array([1920, 1080]), stencilBits=0, stereo=False, title='PsychoPy', units='height', useFBO=True, useRetina=False, viewOri=0.0, viewPos=None, viewScale=None, waitBlanking=True, winType='pyglet')
25.2125 	EXP 	window1: backgroundImage = ''
25.2125 	EXP 	window1: backgroundFit = 'none'
25.7164 	EXP 	window1: Attempting to measure frame rate of screen (0) ...
25.7164 	EXP 	window1: recordFrameIntervals = False
25.8539 	EXP 	window1: recordFrameIntervals = True
26.0369 	EXP 	Screen (0) actual frame rate measured at 60.15Hz
26.0369 	EXP 	window1: recordFrameIntervals = False
26.1046 	INFO 	keyboard.Keyboard is using ptb backend.
26.1047 	EXP 	stroop task: status = STARTED
26.1568 	EXP 	Created text_2 = TextStim(__class__=<class 'psychopy.visual.text.TextStim'>, alignHoriz=method-wrapper(...), alignText='center', alignVert=method-wrapper(...), anchorHoriz='center', anchorVert='center', antialias=True, autoDraw=False, autoLog=True, bold=False, color=array([1., 1., 1.]), colorSpace='rgb', contrast=1.0, depth=0.0, draggable=False, flipHoriz=False, flipVert=False, font='Arial', fontFiles=[], height=np.float64(0.05), italic=False, languageStyle='LTR', name='text_2', opacity=1, ori=0.0, pos=array([0., 0.]), rgb=UNKNOWN, text='Welcome', units='height', win=Window(...), wrapWidth=1)
26.1620 	EXP 	Created fixation = ShapeStim(__class__=<class 'psychopy.visual.shape.ShapeStim'>, anchor=('center', 'center'), autoDraw=False, autoLog=True, closeShape=True, color=method-wrapper(...), colorSpace='rgb', contrast=None, depth=0.0, draggable=False, fillColor=array([1, 1, 1]), fillColorSpace='rgb', fillRGB=array([1, 1, 1]), interpolate=True, lineColor=array([1., 1., 1.]), lineColorSpace='rgb', lineRGB=array([1, 1, 1]), lineWidth=1.0, name='fixation', opacity=1, ori=0.0, pos=array([0., 0.]), size=array([10., 10.]), units='pix', vertices=ndarray(...), win=Window(...), windingRule=None)
26.1631 	EXP 	Created text = TextStim(__class__=<class 'psychopy.visual.text.TextStim'>, alignHoriz=method-wrapper(...), alignText='center', alignVert=method-wrapper(...), anchorHoriz='center', anchorVert='center', antialias=True, autoDraw=False, autoLog=True, bold=False, color=array([1., 1., 1.]), colorSpace='rgb', contrast=1.0, depth=-1.0, draggable=False, flipHoriz=False, flipVert=False, font='Arial', fontFiles=[], height=0.05, italic=False, languageStyle='LTR', name='text', opacity=1, ori=0.0, pos=array([0., 0.]), rgb=UNKNOWN, text='', units='height', win=Window(...), wrapWidth=1)
26.1726 	EXP 	Created text_3 = TextStim(__class__=<class 'psychopy.visual.text.TextStim'>, alignHoriz=method-wrapper(...), alignText='center', alignVert=method-wrapper(...), anchorHoriz='center', anchorVert='center', antialias=True, autoDraw=False, autoLog=True, bold=False, color=array([1., 1., 1.]), colorSpace='rgb', contrast=1.0, depth=0.0, draggable=False, flipHoriz=False, flipVert=False, font='Arial', fontFiles=[], height=np.float64(0.05), italic=False, languageStyle='LTR', name='text_3', opacity=1, ori=0.0, pos=array([0., 0.]), rgb=UNKNOWN, text='thankyou\n', units='height', win=Window(...), wrapWidth=1)
0.0042 	EXP 	text_2: autoDraw = True
1.0095 	EXP 	Imported C:/Users/Admin/OneDrive/psychopy/cond.xlsx as conditions, 4 conditions, 4 params
1.0102 	EXP 	New trial (rep=0, index=0): <Trial 0 (0 in rep 0) data={'word': 'RED', 'colour': 'red', 'stim_condition': 'C', 'correct_res': 'r', 'thisN': 0, 'thisTrialN': 0, 'thisRepN': 0}>
1.0198 	EXP 	text_2: autoDraw = False
1.0198 	EXP 	text_2: autoDraw = False
1.0198 	EXP 	text: foreColor = <psychopy.colors.Color: red, alpha=1.0>
1.0198 	EXP 	text: height = np.float64(0.05)
1.0198 	EXP 	text: height = np.float64(0.05)
1.0198 	EXP 	text: height = np.float64(0.05)
1.0198 	EXP 	text: text = 'RED'
1.0198 	EXP 	fixation: autoDraw = True
1.5137 	INFO 	Keyboard events cleared
1.5135 	EXP 	fixation: autoDraw = False
1.5135 	EXP 	text: autoDraw = True
3.2393 	EXP 	Device response: <KeyPress from None: t=3.220412499998929, value=r, duration=None>
3.2398 	EXP 	New trial (rep=0, index=1): <Trial 1 (1 in rep 0) data={'word': 'BLUE', 'colour': 'red', 'stim_condition': 'I', 'correct_res': 'r', 'thisN': 1, 'thisTrialN': 1, 'thisRepN': 0}>
3.2505 	DATA 	Keypress: r
3.2525 	EXP 	fixation: autoDraw = False
3.2525 	EXP 	text: autoDraw = False
3.2525 	EXP 	text: foreColor = <psychopy.colors.Color: red, alpha=1.0>
3.2525 	EXP 	text: height = np.float64(0.05)
3.2525 	EXP 	text: height = np.float64(0.05)
3.2525 	EXP 	text: height = np.float64(0.05)
3.2525 	EXP 	text: text = 'BLUE'
3.2525 	EXP 	fixation: autoDraw = True
3.3803 	EXP 	Device response: <KeyPress from None: t=3.220412499998929, value=r, duration=0.14349590000347234>
3.7462 	INFO 	Keyboard events cleared
3.7460 	EXP 	fixation: autoDraw = False
3.7460 	EXP 	text: autoDraw = True
4.8480 	DATA 	Keypress: r
4.8632 	EXP 	Device response: <KeyPress from None: t=4.847494699999515, value=r, duration=None>
4.8637 	EXP 	New trial (rep=0, index=2): <Trial 2 (2 in rep 0) data={'word': 'RED', 'colour': 'blue', 'stim_condition': 'I', 'correct_res': 'b', 'thisN': 2, 'thisTrialN': 2, 'thisRepN': 0}>
4.8790 	EXP 	fixation: autoDraw = False
4.8790 	EXP 	text: autoDraw = False
4.8790 	EXP 	text: foreColor = <psychopy.colors.Color: blue, alpha=1.0>
4.8790 	EXP 	text: height = np.float64(0.05)
4.8790 	EXP 	text: height = np.float64(0.05)
4.8790 	EXP 	text: height = np.float64(0.05)
4.8790 	EXP 	text: text = 'RED'
4.8790 	EXP 	fixation: autoDraw = True
5.0128 	EXP 	Device response: <KeyPress from None: t=4.847494699999515, value=r, duration=0.14930260000255657>
5.3791 	INFO 	Keyboard events cleared
5.3789 	EXP 	fixation: autoDraw = False
5.3789 	EXP 	text: autoDraw = True
6.4292 	EXP 	Device response: <KeyPress from None: t=6.425130200004787, value=b, duration=None>
6.4296 	EXP 	New trial (rep=0, index=3): <Trial 3 (3 in rep 0) data={'word': 'BLUE', 'colour': 'blue', 'stim_condition': 'c', 'correct_res': 'b', 'thisN': 3, 'thisTrialN': 3, 'thisRepN': 0}>
6.4351 	DATA 	Keypress: b
6.4455 	EXP 	fixation: autoDraw = False
6.4455 	EXP 	text: autoDraw = False
6.4455 	EXP 	text: foreColor = <psychopy.colors.Color: blue, alpha=1.0>
6.4455 	EXP 	text: height = np.float64(0.05)
6.4455 	EXP 	text: height = np.float64(0.05)
6.4455 	EXP 	text: height = np.float64(0.05)
6.4455 	EXP 	text: text = 'BLUE'
6.4455 	EXP 	fixation: autoDraw = True
6.6129 	EXP 	Device response: <KeyPress from None: t=6.425130200004787, value=b, duration=0.1862189999956172>
6.9288 	INFO 	Keyboard events cleared
6.9286 	EXP 	fixation: autoDraw = False
6.9286 	EXP 	text: autoDraw = True
7.4624 	EXP 	Device response: <KeyPress from None: t=7.459107200003928, value=b, duration=None>
7.4630 	EXP 	New trial (rep=1, index=0): <Trial 4 (0 in rep 1) data={'word': 'RED', 'colour': 'red', 'stim_condition': 'C', 'correct_res': 'r', 'thisN': 4, 'thisTrialN': 0, 'thisRepN': 1}>
7.4688 	DATA 	Keypress: b
7.4785 	EXP 	fixation: autoDraw = False
7.4785 	EXP 	text: autoDraw = False
7.4785 	EXP 	text: foreColor = <psychopy.colors.Color: red, alpha=1.0>
7.4785 	EXP 	text: height = np.float64(0.05)
7.4785 	EXP 	text: height = np.float64(0.05)
7.4785 	EXP 	text: height = np.float64(0.05)
7.4785 	EXP 	text: text = 'RED'
7.4785 	EXP 	fixation: autoDraw = True
7.6291 	EXP 	Device response: <KeyPress from None: t=7.459107200003928, value=b, duration=0.16002219999791123>
7.9785 	INFO 	Keyboard events cleared
7.9783 	EXP 	fixation: autoDraw = False
7.9783 	EXP 	text: autoDraw = True
8.5289 	EXP 	Device response: <KeyPress from None: t=8.524022800003877, value=r, duration=None>
8.5294 	EXP 	New trial (rep=1, index=1): <Trial 5 (1 in rep 1) data={'word': 'BLUE', 'colour': 'blue', 'stim_condition': 'c', 'correct_res': 'b', 'thisN': 5, 'thisTrialN': 1, 'thisRepN': 1}>
8.5349 	DATA 	Keypress: r
8.5449 	EXP 	fixation: autoDraw = False
8.5449 	EXP 	text: autoDraw = False
8.5449 	EXP 	text: foreColor = <psychopy.colors.Color: blue, alpha=1.0>
8.5449 	EXP 	text: height = np.float64(0.05)
8.5449 	EXP 	text: height = np.float64(0.05)
8.5449 	EXP 	text: height = np.float64(0.05)
8.5449 	EXP 	text: text = 'BLUE'
8.5449 	EXP 	fixation: autoDraw = True
8.6785 	EXP 	Device response: <KeyPress from None: t=8.524022800003877, value=r, duration=0.14714660000026925>
9.0448 	INFO 	Keyboard events cleared
9.0447 	EXP 	fixation: autoDraw = False
9.0447 	EXP 	text: autoDraw = True
9.7961 	DATA 	Keypress: b
9.8113 	EXP 	Device response: <KeyPress from None: t=9.795085600002494, value=b, duration=None>
9.8117 	EXP 	New trial (rep=1, index=2): <Trial 6 (2 in rep 1) data={'word': 'RED', 'colour': 'blue', 'stim_condition': 'I', 'correct_res': 'b', 'thisN': 6, 'thisTrialN': 2, 'thisRepN': 1}>
9.8276 	EXP 	fixation: autoDraw = False
9.8276 	EXP 	text: autoDraw = False
9.8276 	EXP 	text: foreColor = <psychopy.colors.Color: blue, alpha=1.0>
9.8276 	EXP 	text: height = np.float64(0.05)
9.8276 	EXP 	text: height = np.float64(0.05)
9.8276 	EXP 	text: height = np.float64(0.05)
9.8276 	EXP 	text: text = 'RED'
9.8276 	EXP 	fixation: autoDraw = True
9.8783 	EXP 	Device response: <KeyPress from None: t=9.795085600002494, value=b, duration=0.06673009999940405>
10.3110 	INFO 	Keyboard events cleared
10.3108 	EXP 	fixation: autoDraw = False
10.3108 	EXP 	text: autoDraw = True
11.0611 	EXP 	Device response: <KeyPress from None: t=11.054576599999564, value=r, duration=None>
11.0615 	EXP 	New trial (rep=1, index=3): <Trial 7 (3 in rep 1) data={'word': 'BLUE', 'colour': 'red', 'stim_condition': 'I', 'correct_res': 'r', 'thisN': 7, 'thisTrialN': 3, 'thisRepN': 1}>
11.0671 	DATA 	Keypress: r
11.0768 	EXP 	fixation: autoDraw = False
11.0768 	EXP 	text: autoDraw = False
11.0768 	EXP 	text: foreColor = <psychopy.colors.Color: red, alpha=1.0>
11.0768 	EXP 	text: height = np.float64(0.05)
11.0768 	EXP 	text: height = np.float64(0.05)
11.0768 	EXP 	text: height = np.float64(0.05)
11.0768 	EXP 	text: text = 'BLUE'
11.0768 	EXP 	fixation: autoDraw = True
11.1778 	EXP 	Device response: <KeyPress from None: t=11.054576599999564, value=r, duration=0.11179030000494095>
11.5772 	INFO 	Keyboard events cleared
11.5769 	EXP 	fixation: autoDraw = False
11.5769 	EXP 	text: autoDraw = True
12.1773 	EXP 	Device response: <KeyPress from None: t=12.163470500003314, value=b, duration=None>
12.1778 	EXP 	New trial (rep=2, index=0): <Trial 8 (0 in rep 2) data={'word': 'BLUE', 'colour': 'red', 'stim_condition': 'I', 'correct_res': 'r', 'thisN': 8, 'thisTrialN': 0, 'thisRepN': 2}>
12.1798 	DATA 	Keypress: b
12.1932 	EXP 	fixation: autoDraw = False
12.1932 	EXP 	text: autoDraw = False
12.1932 	EXP 	text: foreColor = <psychopy.colors.Color: red, alpha=1.0>
12.1932 	EXP 	text: text = 'BLUE'
12.1932 	EXP 	fixation: autoDraw = True
12.3106 	EXP 	Device response: <KeyPress from None: t=12.163470500003314, value=b, duration=0.14479769999888958>
12.6769 	INFO 	Keyboard events cleared
12.6768 	EXP 	fixation: autoDraw = False
12.6768 	EXP 	text: autoDraw = True
13.9434 	EXP 	Device response: <KeyPress from None: t=13.938744600003702, value=r, duration=None>
13.9441 	EXP 	New trial (rep=2, index=1): <Trial 9 (1 in rep 2) data={'word': 'RED', 'colour': 'blue', 'stim_condition': 'I', 'correct_res': 'b', 'thisN': 9, 'thisTrialN': 1, 'thisRepN': 2}>
13.9510 	DATA 	Keypress: r
13.9593 	EXP 	fixation: autoDraw = False
13.9593 	EXP 	text: autoDraw = False
13.9593 	EXP 	text: foreColor = <psychopy.colors.Color: blue, alpha=1.0>
13.9593 	EXP 	text: height = np.float64(0.05)
13.9593 	EXP 	text: height = np.float64(0.05)
13.9593 	EXP 	text: height = np.float64(0.05)
13.9593 	EXP 	text: text = 'RED'
13.9593 	EXP 	fixation: autoDraw = True
14.0929 	EXP 	Device response: <KeyPress from None: t=13.938744600003702, value=r, duration=0.1433686000018497>
14.4597 	INFO 	Keyboard events cleared
14.4595 	EXP 	fixation: autoDraw = False
14.4595 	EXP 	text: autoDraw = True
15.9094 	EXP 	Device response: <KeyPress from None: t=15.908076899999287, value=b, duration=None>
15.9100 	EXP 	New trial (rep=2, index=2): <Trial 10 (2 in rep 2) data={'word': 'BLUE', 'colour': 'blue', 'stim_condition': 'c', 'correct_res': 'b', 'thisN': 10, 'thisTrialN': 2, 'thisRepN': 2}>
15.9160 	DATA 	Keypress: b
15.9252 	EXP 	fixation: autoDraw = False
15.9252 	EXP 	text: autoDraw = False
15.9252 	EXP 	text: foreColor = <psychopy.colors.Color: blue, alpha=1.0>
15.9252 	EXP 	text: height = np.float64(0.05)
15.9252 	EXP 	text: height = np.float64(0.05)
15.9252 	EXP 	text: height = np.float64(0.05)
15.9252 	EXP 	text: text = 'BLUE'
15.9252 	EXP 	fixation: autoDraw = True
16.0762 	EXP 	Device response: <KeyPress from None: t=15.908076899999287, value=b, duration=0.15529850000166334>
16.4256 	INFO 	Keyboard events cleared
16.4254 	EXP 	fixation: autoDraw = False
16.4254 	EXP 	text: autoDraw = True
17.5252 	EXP 	Device response: <KeyPress from None: t=17.509736600004544, value=b, duration=None>
17.5256 	EXP 	New trial (rep=2, index=3): <Trial 11 (3 in rep 2) data={'word': 'RED', 'colour': 'red', 'stim_condition': 'C', 'correct_res': 'r', 'thisN': 11, 'thisTrialN': 3, 'thisRepN': 2}>
17.5308 	DATA 	Keypress: b
17.5414 	EXP 	fixation: autoDraw = False
17.5414 	EXP 	text: autoDraw = False
17.5414 	EXP 	text: foreColor = <psychopy.colors.Color: red, alpha=1.0>
17.5414 	EXP 	text: height = np.float64(0.05)
17.5414 	EXP 	text: height = np.float64(0.05)
17.5414 	EXP 	text: height = np.float64(0.05)
17.5414 	EXP 	text: text = 'RED'
17.5414 	EXP 	fixation: autoDraw = True
17.6754 	EXP 	Device response: <KeyPress from None: t=17.509736600004544, value=b, duration=0.1495537999944645>
18.0256 	INFO 	Keyboard events cleared
18.0255 	EXP 	fixation: autoDraw = False
18.0255 	EXP 	text: autoDraw = True
18.7751 	EXP 	Device response: <KeyPress from None: t=18.77374989999953, value=r, duration=None>
18.7756 	EXP 	New trial (rep=3, index=0): <Trial 12 (0 in rep 3) data={'word': 'BLUE', 'colour': 'red', 'stim_condition': 'I', 'correct_res': 'r', 'thisN': 12, 'thisTrialN': 0, 'thisRepN': 3}>
18.7816 	DATA 	Keypress: r
18.7911 	EXP 	fixation: autoDraw = False
18.7911 	EXP 	text: autoDraw = False
18.7911 	EXP 	text: foreColor = <psychopy.colors.Color: red, alpha=1.0>
18.7911 	EXP 	text: height = np.float64(0.05)
18.7911 	EXP 	text: height = np.float64(0.05)
18.7911 	EXP 	text: height = np.float64(0.05)
18.7911 	EXP 	text: text = 'BLUE'
18.7911 	EXP 	fixation: autoDraw = True
18.9082 	EXP 	Device response: <KeyPress from None: t=18.77374989999953, value=r, duration=0.12879290000273613>
19.2747 	INFO 	Keyboard events cleared
19.2745 	EXP 	fixation: autoDraw = False
19.2745 	EXP 	text: autoDraw = True
20.4411 	EXP 	Device response: <KeyPress from None: t=20.43859670000529, value=r, duration=None>
20.4415 	EXP 	New trial (rep=3, index=1): <Trial 13 (1 in rep 3) data={'word': 'RED', 'colour': 'red', 'stim_condition': 'C', 'correct_res': 'r', 'thisN': 13, 'thisTrialN': 1, 'thisRepN': 3}>
20.4470 	DATA 	Keypress: r
20.4572 	EXP 	fixation: autoDraw = False
20.4572 	EXP 	text: autoDraw = False
20.4572 	EXP 	text: foreColor = <psychopy.colors.Color: red, alpha=1.0>
20.4572 	EXP 	text: height = np.float64(0.05)
20.4572 	EXP 	text: height = np.float64(0.05)
20.4572 	EXP 	text: height = np.float64(0.05)
20.4572 	EXP 	text: text = 'RED'
20.4572 	EXP 	fixation: autoDraw = True
20.6078 	EXP 	Device response: <KeyPress from None: t=20.43859670000529, value=r, duration=0.1550859999988461>
20.9572 	INFO 	Keyboard events cleared
20.9570 	EXP 	fixation: autoDraw = False
20.9570 	EXP 	text: autoDraw = True
22.4406 	EXP 	Device response: <KeyPress from None: t=22.43932830000267, value=r, duration=None>
22.4410 	EXP 	New trial (rep=3, index=2): <Trial 14 (2 in rep 3) data={'word': 'RED', 'colour': 'blue', 'stim_condition': 'I', 'correct_res': 'b', 'thisN': 14, 'thisTrialN': 2, 'thisRepN': 3}>
22.4434 	DATA 	Keypress: r
22.4566 	EXP 	fixation: autoDraw = False
22.4566 	EXP 	text: autoDraw = False
22.4566 	EXP 	text: foreColor = <psychopy.colors.Color: blue, alpha=1.0>
22.4566 	EXP 	text: text = 'RED'
22.4566 	EXP 	fixation: autoDraw = True
22.5407 	EXP 	Device response: <KeyPress from None: t=22.43932830000267, value=r, duration=0.0890027999994345>
22.9400 	INFO 	Keyboard events cleared
22.9398 	EXP 	fixation: autoDraw = False
22.9398 	EXP 	text: autoDraw = True
24.1900 	EXP 	Device response: <KeyPress from None: t=24.175815700000385, value=b, duration=None>
24.1904 	EXP 	New trial (rep=3, index=3): <Trial 15 (3 in rep 3) data={'word': 'BLUE', 'colour': 'blue', 'stim_condition': 'c', 'correct_res': 'b', 'thisN': 15, 'thisTrialN': 3, 'thisRepN': 3}>
24.1962 	DATA 	Keypress: b
24.2059 	EXP 	fixation: autoDraw = False
24.2059 	EXP 	text: autoDraw = False
24.2059 	EXP 	text: foreColor = <psychopy.colors.Color: blue, alpha=1.0>
24.2059 	EXP 	text: height = np.float64(0.05)
24.2059 	EXP 	text: height = np.float64(0.05)
24.2059 	EXP 	text: height = np.float64(0.05)
24.2059 	EXP 	text: text = 'BLUE'
24.2059 	EXP 	fixation: autoDraw = True
24.3228 	EXP 	Device response: <KeyPress from None: t=24.175815700000385, value=b, duration=0.14390160000039032>
24.6895 	INFO 	Keyboard events cleared
24.6893 	EXP 	fixation: autoDraw = False
24.6893 	EXP 	text: autoDraw = True
25.1398 	EXP 	Device response: <KeyPress from None: t=25.12587419999909, value=b, duration=None>
25.1402 	EXP 	New trial (rep=4, index=0): <Trial 16 (0 in rep 4) data={'word': 'RED', 'colour': 'red', 'stim_condition': 'C', 'correct_res': 'r', 'thisN': 16, 'thisTrialN': 0, 'thisRepN': 4}>
25.1462 	DATA 	Keypress: b
25.1556 	EXP 	fixation: autoDraw = False
25.1556 	EXP 	text: autoDraw = False
25.1556 	EXP 	text: foreColor = <psychopy.colors.Color: red, alpha=1.0>
25.1556 	EXP 	text: height = np.float64(0.05)
25.1556 	EXP 	text: height = np.float64(0.05)
25.1556 	EXP 	text: height = np.float64(0.05)
25.1556 	EXP 	text: text = 'RED'
25.1556 	EXP 	fixation: autoDraw = True
25.2396 	EXP 	Device response: <KeyPress from None: t=25.12587419999909, value=b, duration=0.10660390000703046>
25.6390 	INFO 	Keyboard events cleared
25.6388 	EXP 	fixation: autoDraw = False
25.6388 	EXP 	text: autoDraw = True
26.2561 	EXP 	Device response: <KeyPress from None: t=26.253281800003606, value=r, duration=None>
26.2566 	EXP 	New trial (rep=4, index=1): <Trial 17 (1 in rep 4) data={'word': 'BLUE', 'colour': 'red', 'stim_condition': 'I', 'correct_res': 'r', 'thisN': 17, 'thisTrialN': 1, 'thisRepN': 4}>
26.2621 	DATA 	Keypress: r
26.2718 	EXP 	fixation: autoDraw = False
26.2718 	EXP 	text: autoDraw = False
26.2718 	EXP 	text: foreColor = <psychopy.colors.Color: red, alpha=1.0>
26.2718 	EXP 	text: height = np.float64(0.05)
26.2718 	EXP 	text: height = np.float64(0.05)
26.2718 	EXP 	text: height = np.float64(0.05)
26.2718 	EXP 	text: text = 'BLUE'
26.2718 	EXP 	fixation: autoDraw = True
26.3725 	EXP 	Device response: <KeyPress from None: t=26.253281800003606, value=r, duration=0.11580490000051213>
26.7722 	INFO 	Keyboard events cleared
26.7720 	EXP 	fixation: autoDraw = False
26.7720 	EXP 	text: autoDraw = True
27.4238 	DATA 	Keypress: r
27.4387 	EXP 	Device response: <KeyPress from None: t=27.422495900005742, value=r, duration=None>
27.4391 	EXP 	New trial (rep=4, index=2): <Trial 18 (2 in rep 4) data={'word': 'BLUE', 'colour': 'blue', 'stim_condition': 'c', 'correct_res': 'b', 'thisN': 18, 'thisTrialN': 2, 'thisRepN': 4}>
27.4552 	EXP 	fixation: autoDraw = False
27.4552 	EXP 	text: autoDraw = False
27.4552 	EXP 	text: foreColor = <psychopy.colors.Color: blue, alpha=1.0>
27.4552 	EXP 	text: text = 'BLUE'
27.4552 	EXP 	fixation: autoDraw = True
27.5892 	EXP 	Device response: <KeyPress from None: t=27.422495900005742, value=r, duration=0.16540649999660673>
27.9383 	INFO 	Keyboard events cleared
27.9381 	EXP 	fixation: autoDraw = False
27.9381 	EXP 	text: autoDraw = True
29.3884 	EXP 	Device response: <KeyPress from None: t=29.37832360000175, value=b, duration=None>
29.3888 	EXP 	New trial (rep=4, index=3): <Trial 19 (3 in rep 4) data={'word': 'RED', 'colour': 'blue', 'stim_condition': 'I', 'correct_res': 'b', 'thisN': 19, 'thisTrialN': 3, 'thisRepN': 4}>
29.3946 	DATA 	Keypress: b
29.4042 	EXP 	fixation: autoDraw = False
29.4042 	EXP 	text: autoDraw = False
29.4042 	EXP 	text: foreColor = <psychopy.colors.Color: blue, alpha=1.0>
29.4042 	EXP 	text: height = np.float64(0.05)
29.4042 	EXP 	text: height = np.float64(0.05)
29.4042 	EXP 	text: height = np.float64(0.05)
29.4042 	EXP 	text: text = 'RED'
29.4042 	EXP 	fixation: autoDraw = True
29.4884 	EXP 	Device response: <KeyPress from None: t=29.37832360000175, value=b, duration=0.10623660000419477>
29.8878 	INFO 	Keyboard events cleared
29.8876 	EXP 	fixation: autoDraw = False
29.8876 	EXP 	text: autoDraw = True
31.4378 	EXP 	Device response: <KeyPress from None: t=31.433776600002602, value=b, duration=None>
31.4382 	EXP 	New trial (rep=5, index=0): <Trial 20 (0 in rep 5) data={'word': 'RED', 'colour': 'blue', 'stim_condition': 'I', 'correct_res': 'b', 'thisN': 20, 'thisTrialN': 0, 'thisRepN': 5}>
31.4405 	DATA 	Keypress: b
31.4535 	EXP 	fixation: autoDraw = False
31.4535 	EXP 	text: autoDraw = False
31.4535 	EXP 	text: foreColor = <psychopy.colors.Color: blue, alpha=1.0>
31.4535 	EXP 	text: text = 'RED'
31.4535 	EXP 	fixation: autoDraw = True
31.5878 	EXP 	Device response: <KeyPress from None: t=31.433776600002602, value=b, duration=0.1380194000012125>
31.9539 	INFO 	Keyboard events cleared
31.9537 	EXP 	fixation: autoDraw = False
31.9537 	EXP 	text: autoDraw = True
32.6705 	EXP 	Device response: <KeyPress from None: t=32.665319500003534, value=b, duration=None>
32.6708 	EXP 	New trial (rep=5, index=1): <Trial 21 (1 in rep 5) data={'word': 'BLUE', 'colour': 'red', 'stim_condition': 'I', 'correct_res': 'r', 'thisN': 21, 'thisTrialN': 1, 'thisRepN': 5}>
32.6768 	DATA 	Keypress: b
32.6863 	EXP 	fixation: autoDraw = False
32.6863 	EXP 	text: autoDraw = False
32.6863 	EXP 	text: foreColor = <psychopy.colors.Color: red, alpha=1.0>
32.6863 	EXP 	text: height = np.float64(0.05)
32.6863 	EXP 	text: height = np.float64(0.05)
32.6863 	EXP 	text: height = np.float64(0.05)
32.6863 	EXP 	text: text = 'BLUE'
32.6863 	EXP 	fixation: autoDraw = True
32.8371 	EXP 	Device response: <KeyPress from None: t=32.665319500003534, value=b, duration=0.15901930000109132>
33.1700 	INFO 	Keyboard events cleared
33.1698 	EXP 	fixation: autoDraw = False
33.1698 	EXP 	text: autoDraw = True
33.9536 	EXP 	Device response: <KeyPress from None: t=33.94361460000073, value=r, duration=None>
33.9540 	EXP 	New trial (rep=5, index=2): <Trial 22 (2 in rep 5) data={'word': 'RED', 'colour': 'red', 'stim_condition': 'C', 'correct_res': 'r', 'thisN': 22, 'thisTrialN': 2, 'thisRepN': 5}>
33.9607 	DATA 	Keypress: r
33.9691 	EXP 	fixation: autoDraw = False
33.9691 	EXP 	text: autoDraw = False
33.9691 	EXP 	text: foreColor = <psychopy.colors.Color: red, alpha=1.0>
33.9691 	EXP 	text: height = np.float64(0.05)
33.9691 	EXP 	text: height = np.float64(0.05)
33.9691 	EXP 	text: height = np.float64(0.05)
33.9691 	EXP 	text: text = 'RED'
33.9691 	EXP 	fixation: autoDraw = True
34.0868 	EXP 	Device response: <KeyPress from None: t=33.94361460000073, value=r, duration=0.12672179999935906>
34.4529 	INFO 	Keyboard events cleared
34.4527 	EXP 	fixation: autoDraw = False
34.4527 	EXP 	text: autoDraw = True
34.9030 	EXP 	Device response: <KeyPress from None: t=34.900430600006075, value=r, duration=None>
34.9034 	EXP 	New trial (rep=5, index=3): <Trial 23 (3 in rep 5) data={'word': 'BLUE', 'colour': 'blue', 'stim_condition': 'c', 'correct_res': 'b', 'thisN': 23, 'thisTrialN': 3, 'thisRepN': 5}>
34.9089 	DATA 	Keypress: r
34.9188 	EXP 	fixation: autoDraw = False
34.9188 	EXP 	text: autoDraw = False
34.9188 	EXP 	text: foreColor = <psychopy.colors.Color: blue, alpha=1.0>
34.9188 	EXP 	text: height = np.float64(0.05)
34.9188 	EXP 	text: height = np.float64(0.05)
34.9188 	EXP 	text: height = np.float64(0.05)
34.9188 	EXP 	text: text = 'BLUE'
34.9188 	EXP 	fixation: autoDraw = True
35.0698 	EXP 	Device response: <KeyPress from None: t=34.900430600006075, value=r, duration=0.16074639999715146>
35.4030 	INFO 	Keyboard events cleared
35.4028 	EXP 	fixation: autoDraw = False
35.4028 	EXP 	text: autoDraw = True
36.2358 	EXP 	Device response: <KeyPress from None: t=36.23415660000319, value=b, duration=None>
36.2362 	EXP 	New trial (rep=6, index=0): <Trial 24 (0 in rep 6) data={'word': 'RED', 'colour': 'blue', 'stim_condition': 'I', 'correct_res': 'b', 'thisN': 24, 'thisTrialN': 0, 'thisRepN': 6}>
36.2420 	DATA 	Keypress: b
36.2519 	EXP 	fixation: autoDraw = False
36.2519 	EXP 	text: autoDraw = False
36.2519 	EXP 	text: foreColor = <psychopy.colors.Color: blue, alpha=1.0>
36.2519 	EXP 	text: height = np.float64(0.05)
36.2519 	EXP 	text: height = np.float64(0.05)
36.2519 	EXP 	text: height = np.float64(0.05)
36.2519 	EXP 	text: text = 'RED'
36.2519 	EXP 	fixation: autoDraw = True
36.4189 	EXP 	Device response: <KeyPress from None: t=36.23415660000319, value=b, duration=0.17653840000275522>
36.7523 	INFO 	Keyboard events cleared
36.7521 	EXP 	fixation: autoDraw = False
36.7521 	EXP 	text: autoDraw = True
39.2849 	EXP 	Device response: <KeyPress from None: t=39.280991200001154, value=b, duration=None>
39.2853 	EXP 	New trial (rep=6, index=1): <Trial 25 (1 in rep 6) data={'word': 'BLUE', 'colour': 'red', 'stim_condition': 'I', 'correct_res': 'r', 'thisN': 25, 'thisTrialN': 1, 'thisRepN': 6}>
39.2910 	DATA 	Keypress: b
39.3008 	EXP 	fixation: autoDraw = False
39.3008 	EXP 	text: autoDraw = False
39.3008 	EXP 	text: foreColor = <psychopy.colors.Color: red, alpha=1.0>
39.3008 	EXP 	text: height = np.float64(0.05)
39.3008 	EXP 	text: height = np.float64(0.05)
39.3008 	EXP 	text: height = np.float64(0.05)
39.3008 	EXP 	text: text = 'BLUE'
39.3008 	EXP 	fixation: autoDraw = True
39.4514 	EXP 	Device response: <KeyPress from None: t=39.280991200001154, value=b, duration=0.16117389999999432>
39.7846 	INFO 	Keyboard events cleared
39.7845 	EXP 	fixation: autoDraw = False
39.7845 	EXP 	text: autoDraw = True
42.0342 	EXP 	Device response: <KeyPress from None: t=42.02868999999919, value=r, duration=None>
42.0348 	EXP 	New trial (rep=6, index=2): <Trial 26 (2 in rep 6) data={'word': 'RED', 'colour': 'red', 'stim_condition': 'C', 'correct_res': 'r', 'thisN': 26, 'thisTrialN': 2, 'thisRepN': 6}>
42.0408 	DATA 	Keypress: r
42.0499 	EXP 	fixation: autoDraw = False
42.0499 	EXP 	text: autoDraw = False
42.0499 	EXP 	text: foreColor = <psychopy.colors.Color: red, alpha=1.0>
42.0499 	EXP 	text: height = np.float64(0.05)
42.0499 	EXP 	text: height = np.float64(0.05)
42.0499 	EXP 	text: height = np.float64(0.05)
42.0499 	EXP 	text: text = 'RED'
42.0499 	EXP 	fixation: autoDraw = True
42.2008 	EXP 	Device response: <KeyPress from None: t=42.02868999999919, value=r, duration=0.15485540000372566>
42.5499 	INFO 	Keyboard events cleared
42.5497 	EXP 	fixation: autoDraw = False
42.5497 	EXP 	text: autoDraw = True
43.6833 	EXP 	Device response: <KeyPress from None: t=43.67651110000588, value=r, duration=None>
43.6837 	EXP 	New trial (rep=6, index=3): <Trial 27 (3 in rep 6) data={'word': 'BLUE', 'colour': 'blue', 'stim_condition': 'c', 'correct_res': 'b', 'thisN': 27, 'thisTrialN': 3, 'thisRepN': 6}>
43.6888 	DATA 	Keypress: r
43.6995 	EXP 	fixation: autoDraw = False
43.6995 	EXP 	text: autoDraw = False
43.6995 	EXP 	text: foreColor = <psychopy.colors.Color: blue, alpha=1.0>
43.6995 	EXP 	text: height = np.float64(0.05)
43.6995 	EXP 	text: height = np.float64(0.05)
43.6995 	EXP 	text: height = np.float64(0.05)
43.6995 	EXP 	text: text = 'BLUE'
43.6995 	EXP 	fixation: autoDraw = True
43.7830 	EXP 	Device response: <KeyPress from None: t=43.67651110000588, value=r, duration=0.09423669999523554>
44.1831 	INFO 	Keyboard events cleared
44.1829 	EXP 	fixation: autoDraw = False
44.1829 	EXP 	text: autoDraw = True
44.9494 	EXP 	Device response: <KeyPress from None: t=44.946552900000825, value=b, duration=None>
44.9498 	EXP 	New trial (rep=7, index=0): <Trial 28 (0 in rep 7) data={'word': 'BLUE', 'colour': 'blue', 'stim_condition': 'c', 'correct_res': 'b', 'thisN': 28, 'thisTrialN': 0, 'thisRepN': 7}>
44.9515 	DATA 	Keypress: b
44.9657 	EXP 	fixation: autoDraw = False
44.9657 	EXP 	text: autoDraw = False
44.9657 	EXP 	text: foreColor = <psychopy.colors.Color: blue, alpha=1.0>
44.9657 	EXP 	text: text = 'BLUE'
44.9657 	EXP 	fixation: autoDraw = True
45.0998 	EXP 	Device response: <KeyPress from None: t=44.946552900000825, value=b, duration=0.13917360000050394>
45.4494 	INFO 	Keyboard events cleared
45.4492 	EXP 	fixation: autoDraw = False
45.4492 	EXP 	text: autoDraw = True
46.0828 	EXP 	Device response: <KeyPress from None: t=46.077371800005494, value=b, duration=None>
46.0833 	EXP 	New trial (rep=7, index=1): <Trial 29 (1 in rep 7) data={'word': 'BLUE', 'colour': 'red', 'stim_condition': 'I', 'correct_res': 'r', 'thisN': 29, 'thisTrialN': 1, 'thisRepN': 7}>
46.0851 	DATA 	Keypress: b
46.0986 	EXP 	fixation: autoDraw = False
46.0986 	EXP 	text: autoDraw = False
46.0986 	EXP 	text: foreColor = <psychopy.colors.Color: red, alpha=1.0>
46.0986 	EXP 	text: text = 'BLUE'
46.0986 	EXP 	fixation: autoDraw = True
46.1993 	EXP 	Device response: <KeyPress from None: t=46.077371800005494, value=b, duration=0.11709979999432107>
46.5989 	INFO 	Keyboard events cleared
46.5987 	EXP 	fixation: autoDraw = False
46.5987 	EXP 	text: autoDraw = True
47.4660 	EXP 	Device response: <KeyPress from None: t=47.460580999999365, value=r, duration=None>
47.4664 	EXP 	New trial (rep=7, index=2): <Trial 30 (2 in rep 7) data={'word': 'RED', 'colour': 'blue', 'stim_condition': 'I', 'correct_res': 'b', 'thisN': 30, 'thisTrialN': 2, 'thisRepN': 7}>
47.4720 	DATA 	Keypress: r
47.4815 	EXP 	fixation: autoDraw = False
47.4815 	EXP 	text: autoDraw = False
47.4815 	EXP 	text: foreColor = <psychopy.colors.Color: blue, alpha=1.0>
47.4815 	EXP 	text: height = np.float64(0.05)
47.4815 	EXP 	text: height = np.float64(0.05)
47.4815 	EXP 	text: height = np.float64(0.05)
47.4815 	EXP 	text: text = 'RED'
47.4815 	EXP 	fixation: autoDraw = True
47.5990 	EXP 	Device response: <KeyPress from None: t=47.460580999999365, value=r, duration=0.1377814000006765>
47.9818 	INFO 	Keyboard events cleared
47.9816 	EXP 	fixation: autoDraw = False
47.9816 	EXP 	text: autoDraw = True
49.2316 	EXP 	Device response: <KeyPress from None: t=49.22073939999973, value=b, duration=None>
49.2321 	EXP 	New trial (rep=7, index=3): <Trial 31 (3 in rep 7) data={'word': 'RED', 'colour': 'red', 'stim_condition': 'C', 'correct_res': 'r', 'thisN': 31, 'thisTrialN': 3, 'thisRepN': 7}>
49.2342 	DATA 	Keypress: b
49.2475 	EXP 	fixation: autoDraw = False
49.2475 	EXP 	text: autoDraw = False
49.2475 	EXP 	text: foreColor = <psychopy.colors.Color: red, alpha=1.0>
49.2475 	EXP 	text: text = 'RED'
49.2475 	EXP 	fixation: autoDraw = True
49.3647 	EXP 	Device response: <KeyPress from None: t=49.22073939999973, value=b, duration=0.13756629999988945>
49.7312 	INFO 	Keyboard events cleared
49.7311 	EXP 	fixation: autoDraw = False
49.7311 	EXP 	text: autoDraw = True
50.3644 	EXP 	Device response: <KeyPress from None: t=50.36194380000234, value=r, duration=None>
50.3649 	EXP 	New trial (rep=8, index=0): <Trial 32 (0 in rep 8) data={'word': 'RED', 'colour': 'blue', 'stim_condition': 'I', 'correct_res': 'b', 'thisN': 32, 'thisTrialN': 0, 'thisRepN': 8}>
50.3670 	DATA 	Keypress: r
50.3806 	EXP 	fixation: autoDraw = False
50.3806 	EXP 	text: autoDraw = False
50.3806 	EXP 	text: foreColor = <psychopy.colors.Color: blue, alpha=1.0>
50.3806 	EXP 	text: text = 'RED'
50.3806 	EXP 	fixation: autoDraw = True
50.5310 	EXP 	Device response: <KeyPress from None: t=50.36194380000234, value=r, duration=0.16548139999940759>
50.8640 	INFO 	Keyboard events cleared
50.8639 	EXP 	fixation: autoDraw = False
50.8639 	EXP 	text: autoDraw = True
51.7637 	EXP 	Device response: <KeyPress from None: t=51.749096800005645, value=b, duration=None>
51.7641 	EXP 	New trial (rep=8, index=1): <Trial 33 (1 in rep 8) data={'word': 'BLUE', 'colour': 'red', 'stim_condition': 'I', 'correct_res': 'r', 'thisN': 33, 'thisTrialN': 1, 'thisRepN': 8}>
51.7690 	DATA 	Keypress: b
51.7799 	EXP 	fixation: autoDraw = False
51.7799 	EXP 	text: autoDraw = False
51.7799 	EXP 	text: foreColor = <psychopy.colors.Color: red, alpha=1.0>
51.7799 	EXP 	text: height = np.float64(0.05)
51.7799 	EXP 	text: height = np.float64(0.05)
51.7799 	EXP 	text: height = np.float64(0.05)
51.7799 	EXP 	text: text = 'BLUE'
51.7799 	EXP 	fixation: autoDraw = True
51.8638 	EXP 	Device response: <KeyPress from None: t=51.749096800005645, value=b, duration=0.09969139999884646>
52.3276 	INFO 	Keyboard events cleared
52.3275 	EXP 	fixation: autoDraw = False
52.3275 	EXP 	text: autoDraw = True
53.9634 	EXP 	Device response: <KeyPress from None: t=53.95283660000132, value=r, duration=None>
53.9638 	EXP 	New trial (rep=8, index=2): <Trial 34 (2 in rep 8) data={'word': 'RED', 'colour': 'red', 'stim_condition': 'C', 'correct_res': 'r', 'thisN': 34, 'thisTrialN': 2, 'thisRepN': 8}>
53.9690 	DATA 	Keypress: r
53.9793 	EXP 	fixation: autoDraw = False
53.9793 	EXP 	text: autoDraw = False
53.9793 	EXP 	text: foreColor = <psychopy.colors.Color: red, alpha=1.0>
53.9793 	EXP 	text: height = np.float64(0.05)
53.9793 	EXP 	text: height = np.float64(0.05)
53.9793 	EXP 	text: height = np.float64(0.05)
53.9793 	EXP 	text: text = 'RED'
53.9793 	EXP 	fixation: autoDraw = True
54.0630 	EXP 	Device response: <KeyPress from None: t=53.95283660000132, value=r, duration=0.09976570000435458>
54.4630 	INFO 	Keyboard events cleared
54.4628 	EXP 	fixation: autoDraw = False
54.4628 	EXP 	text: autoDraw = True
58.7790 	EXP 	Device response: <KeyPress from None: t=58.77434780000476, value=r, duration=None>
58.7794 	EXP 	New trial (rep=8, index=3): <Trial 35 (3 in rep 8) data={'word': 'BLUE', 'colour': 'blue', 'stim_condition': 'c', 'correct_res': 'b', 'thisN': 35, 'thisTrialN': 3, 'thisRepN': 8}>
58.7848 	DATA 	Keypress: r
58.7942 	EXP 	fixation: autoDraw = False
58.7942 	EXP 	text: autoDraw = False
58.7942 	EXP 	text: foreColor = <psychopy.colors.Color: blue, alpha=1.0>
58.7942 	EXP 	text: height = np.float64(0.05)
58.7942 	EXP 	text: height = np.float64(0.05)
58.7942 	EXP 	text: height = np.float64(0.05)
58.7942 	EXP 	text: text = 'BLUE'
58.7942 	EXP 	fixation: autoDraw = True
58.9286 	EXP 	Device response: <KeyPress from None: t=58.77434780000476, value=r, duration=0.15289219999976922>
59.2946 	INFO 	Keyboard events cleared
59.2945 	EXP 	fixation: autoDraw = False
59.2945 	EXP 	text: autoDraw = True
60.4781 	EXP 	Device response: <KeyPress from None: t=60.46739789999992, value=b, duration=None>
60.4785 	EXP 	New trial (rep=9, index=0): <Trial 36 (0 in rep 9) data={'word': 'BLUE', 'colour': 'red', 'stim_condition': 'I', 'correct_res': 'r', 'thisN': 36, 'thisTrialN': 0, 'thisRepN': 9}>
60.4806 	DATA 	Keypress: b
60.4937 	EXP 	fixation: autoDraw = False
60.4937 	EXP 	text: autoDraw = False
60.4937 	EXP 	text: foreColor = <psychopy.colors.Color: red, alpha=1.0>
60.4937 	EXP 	text: text = 'BLUE'
60.4937 	EXP 	fixation: autoDraw = True
60.6446 	EXP 	Device response: <KeyPress from None: t=60.46739789999992, value=b, duration=0.1710326000029454>
60.9942 	INFO 	Keyboard events cleared
60.9940 	EXP 	fixation: autoDraw = False
60.9940 	EXP 	text: autoDraw = True
63.1429 	EXP 	Device response: <KeyPress from None: t=63.14208209999924, value=r, duration=None>
63.1431 	EXP 	New trial (rep=9, index=1): <Trial 37 (1 in rep 9) data={'word': 'BLUE', 'colour': 'blue', 'stim_condition': 'c', 'correct_res': 'b', 'thisN': 37, 'thisTrialN': 1, 'thisRepN': 9}>
63.1442 	DATA 	Keypress: r
63.1597 	EXP 	fixation: autoDraw = False
63.1597 	EXP 	text: autoDraw = False
63.1597 	EXP 	text: foreColor = <psychopy.colors.Color: blue, alpha=1.0>
63.1597 	EXP 	text: text = 'BLUE'
63.1597 	EXP 	fixation: autoDraw = True
63.3602 	EXP 	Device response: <KeyPress from None: t=63.14208209999924, value=r, duration=0.20537040000635898>
63.6432 	INFO 	Keyboard events cleared
63.6430 	EXP 	fixation: autoDraw = False
63.6430 	EXP 	text: autoDraw = True
65.7423 	EXP 	Device response: <KeyPress from None: t=65.73769700000412, value=b, duration=None>
65.7428 	EXP 	New trial (rep=9, index=2): <Trial 38 (2 in rep 9) data={'word': 'RED', 'colour': 'red', 'stim_condition': 'C', 'correct_res': 'r', 'thisN': 38, 'thisTrialN': 2, 'thisRepN': 9}>
65.7480 	DATA 	Keypress: b
65.7586 	EXP 	fixation: autoDraw = False
65.7586 	EXP 	text: autoDraw = False
65.7586 	EXP 	text: foreColor = <psychopy.colors.Color: red, alpha=1.0>
65.7586 	EXP 	text: height = np.float64(0.05)
65.7586 	EXP 	text: height = np.float64(0.05)
65.7586 	EXP 	text: height = np.float64(0.05)
65.7586 	EXP 	text: text = 'RED'
65.7586 	EXP 	fixation: autoDraw = True
65.9428 	EXP 	Device response: <KeyPress from None: t=65.73769700000412, value=b, duration=0.20399039999756496>
66.2422 	INFO 	Keyboard events cleared
66.2421 	EXP 	fixation: autoDraw = False
66.2421 	EXP 	text: autoDraw = True
67.8255 	EXP 	Device response: <KeyPress from None: t=67.82252320000407, value=r, duration=None>
67.8258 	EXP 	New trial (rep=9, index=3): <Trial 39 (3 in rep 9) data={'word': 'RED', 'colour': 'blue', 'stim_condition': 'I', 'correct_res': 'b', 'thisN': 39, 'thisTrialN': 3, 'thisRepN': 9}>
67.8278 	DATA 	Keypress: r
67.8412 	EXP 	fixation: autoDraw = False
67.8412 	EXP 	text: autoDraw = False
67.8412 	EXP 	text: foreColor = <psychopy.colors.Color: blue, alpha=1.0>
67.8412 	EXP 	text: text = 'RED'
67.8412 	EXP 	fixation: autoDraw = True
67.9921 	EXP 	Device response: <KeyPress from None: t=67.82252320000407, value=r, duration=0.15716759999486385>
68.3250 	INFO 	Keyboard events cleared
68.3249 	EXP 	fixation: autoDraw = False
68.3249 	EXP 	text: autoDraw = True
71.3743 	EXP 	Device response: <KeyPress from None: t=71.3696001999997, value=b, duration=None>
71.3777 	DATA 	Keypress: b
71.3900 	EXP 	fixation: autoDraw = False
71.3900 	EXP 	text: autoDraw = False
71.3900 	EXP 	text_3: autoDraw = True
71.5910 	EXP 	Device response: <KeyPress from None: t=71.3696001999997, value=b, duration=0.21995410000090487>
72.3901 	EXP 	text_3: autoDraw = False
72.3901 	EXP 	text_3: autoDraw = False
72.3903 	EXP 	stroop task: status = STOPPED
72.4165 	INFO 	saved data to 'C:\\Users\\Admin\\OneDrive\\psychopy\\data\\3_stroop task_2025-08-26_09h36.38.573.csv'
72.4198 	INFO 	saved data to C:\Users\Admin\OneDrive\psychopy\data\3_stroop task_2025-08-26_09h36.38.573.psydat
72.6949 	WARNING 	Stopping key buffers but this could be dangerous ifother keyboards rely on the same.
